<!DOCTYPE html>

<html>
  <head>
  <meta charset='utf-8'>
  <title>TestNG reports</title>

    <link type="text/css" href="testng-reports.css" rel="stylesheet" />
    <script type="text/javascript" src="jquery-1.7.1.min.js"></script>
    <script type="text/javascript" src="testng-reports.js"></script>
    <script type="text/javascript" src="https://www.google.com/jsapi"></script>
    <script type='text/javascript'>
      google.load('visualization', '1', {packages:['table']});
      google.setOnLoadCallback(drawTable);
      var suiteTableInitFunctions = new Array();
      var suiteTableData = new Array();
    </script>
    <!--
      <script type="text/javascript" src="jquery-ui/js/jquery-ui-1.8.16.custom.min.js"></script>
     -->
  </head>

  <body>
    <div class="top-banner-root">
      <span class="top-banner-title-font">Test results</span>
      <br/>
      <span class="top-banner-font-1">1 suite, 1 failed test</span>
    </div> <!-- top-banner-root -->
    <div class="navigator-root">
      <div class="navigator-suite-header">
        <span>All suites</span>
        <a href="#" class="collapse-all-link" title="Collapse/expand all the suites">
          <img class="collapse-all-icon" src="collapseall.gif">
          </img> <!-- collapse-all-icon -->
        </a> <!-- collapse-all-link -->
      </div> <!-- navigator-suite-header -->
      <div class="suite">
        <div class="rounded-window">
          <div class="suite-header light-rounded-window-top">
            <a href="#" class="navigator-link" panel-name="suite-Regression_TestSuite">
              <span class="suite-name border-failed">Regression TestSuite</span>
            </a> <!-- navigator-link -->
          </div> <!-- suite-header light-rounded-window-top -->
          <div class="navigator-suite-content">
            <div class="suite-section-title">
              <span>Info</span>
            </div> <!-- suite-section-title -->
            <div class="suite-section-content">
              <ul>
                <li>
                  <a href="#" class="navigator-link " panel-name="test-xml-Regression_TestSuite">
                    <span>C:\LeadBasketsVr2\affilomnia.leadbaskets\testng.xml</span>
                  </a> <!-- navigator-link  -->
                </li>
                <li>
                  <a href="#" class="navigator-link " panel-name="testlist-Regression_TestSuite">
                    <span class="test-stats">1 test</span>
                  </a> <!-- navigator-link  -->
                </li>
                <li>
                  <a href="#" class="navigator-link " panel-name="group-Regression_TestSuite">
                    <span>2 groups</span>
                  </a> <!-- navigator-link  -->
                </li>
                <li>
                  <a href="#" class="navigator-link " panel-name="times-Regression_TestSuite">
                    <span>Times</span>
                  </a> <!-- navigator-link  -->
                </li>
                <li>
                  <a href="#" class="navigator-link " panel-name="reporter-Regression_TestSuite">
                    <span>Reporter output</span>
                  </a> <!-- navigator-link  -->
                </li>
                <li>
                  <a href="#" class="navigator-link " panel-name="ignored-methods-Regression_TestSuite">
                    <span>Ignored methods</span>
                  </a> <!-- navigator-link  -->
                </li>
                <li>
                  <a href="#" class="navigator-link " panel-name="chronological-Regression_TestSuite">
                    <span>Chronological view</span>
                  </a> <!-- navigator-link  -->
                </li>
              </ul>
            </div> <!-- suite-section-content -->
            <div class="result-section">
              <div class="suite-section-title">
                <span>Results</span>
              </div> <!-- suite-section-title -->
              <div class="suite-section-content">
                <ul>
                  <li>
                    <span class="method-stats">4 methods, 1 failed,   3 passed</span>
                  </li>
                  <li>
                    <span class="method-list-title failed">Failed methods</span>
                    <span class="show-or-hide-methods failed">
                      <a href="#" panel-name="suite-Regression_TestSuite" class="hide-methods failed suite-Regression_TestSuite"> (hide)</a> <!-- hide-methods failed suite-Regression_TestSuite -->
                      <a href="#" panel-name="suite-Regression_TestSuite" class="show-methods failed suite-Regression_TestSuite"> (show)</a> <!-- show-methods failed suite-Regression_TestSuite -->
                    </span>
                    <div class="method-list-content failed suite-Regression_TestSuite">
                      <span>
                        <img width="3%" src="failed.png"/>
                        <a href="#" class="method navigator-link" panel-name="suite-Regression_TestSuite" title="com.affilomnia.leadbaskets.BuyerTest" hash-for-method="testdownloadIntegrtionPDF">testdownloadIntegrtionPDF</a> <!-- method navigator-link -->
                      </span>
                      <br/>
                    </div> <!-- method-list-content failed suite-Regression_TestSuite -->
                  </li>
                  <li>
                    <span class="method-list-title passed">Passed methods</span>
                    <span class="show-or-hide-methods passed">
                      <a href="#" panel-name="suite-Regression_TestSuite" class="hide-methods passed suite-Regression_TestSuite"> (hide)</a> <!-- hide-methods passed suite-Regression_TestSuite -->
                      <a href="#" panel-name="suite-Regression_TestSuite" class="show-methods passed suite-Regression_TestSuite"> (show)</a> <!-- show-methods passed suite-Regression_TestSuite -->
                    </span>
                    <div class="method-list-content passed suite-Regression_TestSuite">
                      <span>
                        <img width="3%" src="passed.png"/>
                        <a href="#" class="method navigator-link" panel-name="suite-Regression_TestSuite" title="com.affilomnia.leadbaskets.BuyerTest" hash-for-method="testBuyerRegistrtion">testBuyerRegistrtion</a> <!-- method navigator-link -->
                      </span>
                      <br/>
                      <span>
                        <img width="3%" src="passed.png"/>
                        <a href="#" class="method navigator-link" panel-name="suite-Regression_TestSuite" title="com.affilomnia.leadbaskets.BuyerTest" hash-for-method="testLoginTotalSpentAndLeads">testLoginTotalSpentAndLeads</a> <!-- method navigator-link -->
                      </span>
                      <br/>
                      <span>
                        <img width="3%" src="passed.png"/>
                        <a href="#" class="method navigator-link" panel-name="suite-Regression_TestSuite" title="com.affilomnia.leadbaskets.BuyerTest" hash-for-method="testTotalLeadTotalSpentAvgcplParCamp">testTotalLeadTotalSpentAvgcplParCamp</a> <!-- method navigator-link -->
                      </span>
                      <br/>
                    </div> <!-- method-list-content passed suite-Regression_TestSuite -->
                  </li>
                </ul>
              </div> <!-- suite-section-content -->
            </div> <!-- result-section -->
          </div> <!-- navigator-suite-content -->
        </div> <!-- rounded-window -->
      </div> <!-- suite -->
    </div> <!-- navigator-root -->
    <div class="wrapper">
      <div class="main-panel-root">
        <div panel-name="suite-Regression_TestSuite" class="panel Regression_TestSuite">
          <div class="suite-Regression_TestSuite-class-failed">
            <div class="main-panel-header rounded-window-top">
              <img src="failed.png"/>
              <span class="class-name">com.affilomnia.leadbaskets.BuyerTest</span>
            </div> <!-- main-panel-header rounded-window-top -->
            <div class="main-panel-content rounded-window-bottom">
              <div class="method">
                <div class="method-content">
                  <a name="testdownloadIntegrtionPDF">
                  </a> <!-- testdownloadIntegrtionPDF -->
                  <span class="method-name">testdownloadIntegrtionPDF</span>
                  <div class="stack-trace">Element not found {by text: Integration with API2}
Expected: visible
Screenshot: file:/C:/LeadBasketsVr2/affilomnia.leadbaskets/build/reports/tests/1516104576684.0.png
Page source: file:/C:/LeadBasketsVr2/affilomnia.leadbaskets/build/reports/tests/1516104576684.0.html
Timeout: 4 s.
Caused by: NoSuchElementException: no such element: Unable to locate element: {&quot;method&quot;:&quot;xpath&quot;,&quot;selector&quot;:&quot;.//*/text()[normalize-space(translate(string(.), &apos;
	at com.codeborne.selenide.impl.WebElementSource.createElementNotFoundError(WebElementSource.java:31)
	at com.codeborne.selenide.impl.ElementFinder.createElementNotFoundError(ElementFinder.java:82)
	at com.codeborne.selenide.impl.WebElementSource.checkCondition(WebElementSource.java:59)
	at com.codeborne.selenide.impl.WebElementSource.findAndAssertElementIsVisible(WebElementSource.java:72)
	at com.codeborne.selenide.commands.DownloadFile.execute(DownloadFile.java:26)
	at com.codeborne.selenide.commands.DownloadFile.execute(DownloadFile.java:18)
	at com.codeborne.selenide.commands.Commands.execute(Commands.java:144)
	at com.codeborne.selenide.impl.SelenideElementProxy.dispatchAndRetry(SelenideElementProxy.java:87)
	at com.codeborne.selenide.impl.SelenideElementProxy.invoke(SelenideElementProxy.java:63)
	at com.sun.proxy.$Proxy16.download(Unknown Source)
	at Pages.BuyerPage.downalodPdf(BuyerPage.java:283)
	at com.affilomnia.leadbaskets.BuyerTest.testdownloadIntegrtionPDF(BuyerTest.java:86)
Caused by: org.openqa.selenium.NoSuchElementException: no such element: Unable to locate element: {&quot;method&quot;:&quot;xpath&quot;,&quot;selector&quot;:&quot;.//*/text()[normalize-space(translate(string(.), &apos;	

 &apos;, &apos;    &apos;)) = &quot;Integration with API2&quot;]/parent::*&quot;}
  (Session info: chrome=63.0.3239.132)
  (Driver info: chromedriver=2.35.528161 (5b82f2d2aae0ca24b877009200ced9065a772e73),platform=Windows NT 10.0.15063 x86_64) (WARNING: The server did not provide any stacktrace information)
Command duration or timeout: 0 milliseconds
For documentation on this error, please visit: http://seleniumhq.org/exceptions/no_such_element.html
Build info: version: &apos;3.8.1&apos;, revision: &apos;6e95a6684b&apos;, time: &apos;2017-12-01T18:33:54.468Z&apos;
System info: host: &apos;RG-W-KIRIL&apos;, ip: &apos;192.168.10.21&apos;, os.name: &apos;Windows 10&apos;, os.arch: &apos;amd64&apos;, os.version: &apos;10.0&apos;, java.version: &apos;1.8.0_144&apos;
Driver info: org.openqa.selenium.chrome.ChromeDriver
Capabilities {acceptInsecureCerts: false, acceptSslCerts: false, applicationCacheEnabled: false, browserConnectionEnabled: false, browserName: chrome, chrome: {chromedriverVersion: 2.35.528161 (5b82f2d2aae0ca..., userDataDir: C:\Users\kiril\AppData\Loca...}, cssSelectorsEnabled: true, databaseEnabled: false, handlesAlerts: true, hasTouchScreen: false, javascriptEnabled: true, locationContextEnabled: true, mobileEmulationEnabled: false, nativeEvents: true, networkConnectionEnabled: false, pageLoadStrategy: normal, platform: XP, platformName: XP, rotatable: false, setWindowRect: true, takesHeapSnapshot: true, takesScreenshot: true, unexpectedAlertBehaviour: , unhandledPromptBehavior: , version: 63.0.3239.132, webStorageEnabled: true}
Session ID: aad538eb8d04f56cdd707aa59f4ff46c
*** Element info: {Using=xpath, value=.//*/text()[normalize-space(translate(string(.), &apos;	

 &apos;, &apos;    &apos;)) = &quot;Integration with API2&quot;]/parent::*}
	at org.openqa.selenium.remote.ErrorHandler.createThrowable(ErrorHandler.java:214)
	at org.openqa.selenium.remote.ErrorHandler.throwIfResponseFailed(ErrorHandler.java:166)
	at org.openqa.selenium.remote.http.JsonHttpResponseCodec.reconstructValue(JsonHttpResponseCodec.java:40)
	at org.openqa.selenium.remote.http.AbstractHttpResponseCodec.decode(AbstractHttpResponseCodec.java:80)
	at org.openqa.selenium.remote.http.AbstractHttpResponseCodec.decode(AbstractHttpResponseCodec.java:44)
	at org.openqa.selenium.remote.HttpCommandExecutor.execute(HttpCommandExecutor.java:164)
	at org.openqa.selenium.remote.service.DriverCommandExecutor.execute(DriverCommandExecutor.java:83)
	at org.openqa.selenium.remote.RemoteWebDriver.execute(RemoteWebDriver.java:601)
	at org.openqa.selenium.remote.RemoteWebDriver.findElement(RemoteWebDriver.java:371)
	at org.openqa.selenium.remote.RemoteWebDriver.findElementByXPath(RemoteWebDriver.java:473)
	at org.openqa.selenium.By$ByXPath.findElement(By.java:361)
	at org.openqa.selenium.remote.RemoteWebDriver.findElement(RemoteWebDriver.java:363)
	at com.codeborne.selenide.impl.WebElementSelector.findElement(WebElementSelector.java:29)
	at com.codeborne.selenide.impl.ElementFinder.getWebElement(ElementFinder.java:56)
	at com.codeborne.selenide.impl.WebElementSource.checkCondition(WebElementSource.java:44)
	... 38 more
... Removed 32 stack frames
</div> <!-- stack-trace -->
                  <em>
(Download PDF )                  </em>
                </div> <!-- method-content -->
              </div> <!-- method -->
            </div> <!-- main-panel-content rounded-window-bottom -->
          </div> <!-- suite-Regression_TestSuite-class-failed -->
          <div class="suite-Regression_TestSuite-class-passed">
            <div class="main-panel-header rounded-window-top">
              <img src="passed.png"/>
              <span class="class-name">com.affilomnia.leadbaskets.BuyerTest</span>
            </div> <!-- main-panel-header rounded-window-top -->
            <div class="main-panel-content rounded-window-bottom">
              <div class="method">
                <div class="method-content">
                  <a name="testBuyerRegistrtion">
                  </a> <!-- testBuyerRegistrtion -->
                  <span class="method-name">testBuyerRegistrtion</span>
                  <em>
(3)                  </em>
                </div> <!-- method-content -->
              </div> <!-- method -->
              <div class="method">
                <div class="method-content">
                  <a name="testLoginTotalSpentAndLeads">
                  </a> <!-- testLoginTotalSpentAndLeads -->
                  <span class="method-name">testLoginTotalSpentAndLeads</span>
                  <em>
(1)                  </em>
                </div> <!-- method-content -->
              </div> <!-- method -->
              <div class="method">
                <div class="method-content">
                  <a name="testTotalLeadTotalSpentAvgcplParCamp">
                  </a> <!-- testTotalLeadTotalSpentAvgcplParCamp -->
                  <span class="method-name">testTotalLeadTotalSpentAvgcplParCamp</span>
                  <em>
(2)                  </em>
                </div> <!-- method-content -->
              </div> <!-- method -->
            </div> <!-- main-panel-content rounded-window-bottom -->
          </div> <!-- suite-Regression_TestSuite-class-passed -->
        </div> <!-- panel Regression_TestSuite -->
        <div panel-name="test-xml-Regression_TestSuite" class="panel">
          <div class="main-panel-header rounded-window-top">
            <span class="header-content">C:\LeadBasketsVr2\affilomnia.leadbaskets\testng.xml</span>
          </div> <!-- main-panel-header rounded-window-top -->
          <div class="main-panel-content rounded-window-bottom">
            <pre>
&lt;?xml version=&quot;1.0&quot; encoding=&quot;UTF-8&quot;?&gt;
&lt;!DOCTYPE suite SYSTEM &quot;http://testng.org/testng-1.0.dtd&quot;&gt;
&lt;suite thread-count=&quot;-1&quot; guice-stage=&quot;DEVELOPMENT&quot; verbose=&quot;0&quot; name=&quot;Regression TestSuite&quot;&gt;
  &lt;test verbose=&quot;0&quot; name=&quot;LeadsBaskets Test&quot;&gt;
    &lt;groups&gt;
      &lt;run&gt;
        &lt;include name=&quot;buyer statistic&quot;/&gt;
        &lt;include name=&quot;BuyerReg&quot;/&gt;
      &lt;/run&gt;
    &lt;/groups&gt;
    &lt;classes&gt;
      &lt;class name=&quot;com.affilomnia.leadbaskets.BuyerTest&quot;/&gt;
    &lt;/classes&gt;
  &lt;/test&gt; &lt;!-- LeadsBaskets Test --&gt;
&lt;/suite&gt; &lt;!-- Regression TestSuite --&gt;
            </pre>
          </div> <!-- main-panel-content rounded-window-bottom -->
        </div> <!-- panel -->
        <div panel-name="testlist-Regression_TestSuite" class="panel">
          <div class="main-panel-header rounded-window-top">
            <span class="header-content">Tests for Regression TestSuite</span>
          </div> <!-- main-panel-header rounded-window-top -->
          <div class="main-panel-content rounded-window-bottom">
            <ul>
              <li>
                <span class="test-name">LeadsBaskets Test (1 class)</span>
              </li>
            </ul>
          </div> <!-- main-panel-content rounded-window-bottom -->
        </div> <!-- panel -->
        <div panel-name="group-Regression_TestSuite" class="panel">
          <div class="main-panel-header rounded-window-top">
            <span class="header-content">Groups for Regression TestSuite</span>
          </div> <!-- main-panel-header rounded-window-top -->
          <div class="main-panel-content rounded-window-bottom">
            <div class="test-group">
              <span class="test-group-name">BuyerReg</span>
              <br/>
              <div class="method-in-group">
                <span class="method-in-group-name">testBuyerRegistrtion</span>
                <br/>
              </div> <!-- method-in-group -->
              <div class="method-in-group">
                <span class="method-in-group-name">testdownloadIntegrtionPDF</span>
                <br/>
              </div> <!-- method-in-group -->
            </div> <!-- test-group -->
            <div class="test-group">
              <span class="test-group-name">buyer statistic</span>
              <br/>
              <div class="method-in-group">
                <span class="method-in-group-name">testLoginTotalSpentAndLeads</span>
                <br/>
              </div> <!-- method-in-group -->
              <div class="method-in-group">
                <span class="method-in-group-name">testTotalLeadTotalSpentAvgcplParCamp</span>
                <br/>
              </div> <!-- method-in-group -->
            </div> <!-- test-group -->
          </div> <!-- main-panel-content rounded-window-bottom -->
        </div> <!-- panel -->
        <div panel-name="times-Regression_TestSuite" class="panel">
          <div class="main-panel-header rounded-window-top">
            <span class="header-content">Times for Regression TestSuite</span>
          </div> <!-- main-panel-header rounded-window-top -->
          <div class="main-panel-content rounded-window-bottom">
            <div class="times-div">
              <script type="text/javascript">
suiteTableInitFunctions.push('tableData_Regression_TestSuite');
function tableData_Regression_TestSuite() {
var data = new google.visualization.DataTable();
data.addColumn('number', 'Number');
data.addColumn('string', 'Method');
data.addColumn('string', 'Class');
data.addColumn('number', 'Time (ms)');
data.addRows(4);
data.setCell(0, 0, 0)
data.setCell(0, 1, 'testTotalLeadTotalSpentAvgcplParCamp')
data.setCell(0, 2, 'com.affilomnia.leadbaskets.BuyerTest')
data.setCell(0, 3, 24504);
data.setCell(1, 0, 1)
data.setCell(1, 1, 'testBuyerRegistrtion')
data.setCell(1, 2, 'com.affilomnia.leadbaskets.BuyerTest')
data.setCell(1, 3, 20802);
data.setCell(2, 0, 2)
data.setCell(2, 1, 'testLoginTotalSpentAndLeads')
data.setCell(2, 2, 'com.affilomnia.leadbaskets.BuyerTest')
data.setCell(2, 3, 10796);
data.setCell(3, 0, 3)
data.setCell(3, 1, 'testdownloadIntegrtionPDF')
data.setCell(3, 2, 'com.affilomnia.leadbaskets.BuyerTest')
data.setCell(3, 3, 6033);
window.suiteTableData['Regression_TestSuite']= { tableData: data, tableDiv: 'times-div-Regression_TestSuite'}
return data;
}
              </script>
              <span class="suite-total-time">Total running time: 1 minutes</span>
              <div id="times-div-Regression_TestSuite">
              </div> <!-- times-div-Regression_TestSuite -->
            </div> <!-- times-div -->
          </div> <!-- main-panel-content rounded-window-bottom -->
        </div> <!-- panel -->
        <div panel-name="reporter-Regression_TestSuite" class="panel">
          <div class="main-panel-header rounded-window-top">
            <span class="header-content">Reporter output for Regression TestSuite</span>
          </div> <!-- main-panel-header rounded-window-top -->
          <div class="main-panel-content rounded-window-bottom">
          </div> <!-- main-panel-content rounded-window-bottom -->
        </div> <!-- panel -->
        <div panel-name="ignored-methods-Regression_TestSuite" class="panel">
          <div class="main-panel-header rounded-window-top">
            <span class="header-content">0 ignored methods</span>
          </div> <!-- main-panel-header rounded-window-top -->
          <div class="main-panel-content rounded-window-bottom">
          </div> <!-- main-panel-content rounded-window-bottom -->
        </div> <!-- panel -->
        <div panel-name="chronological-Regression_TestSuite" class="panel">
          <div class="main-panel-header rounded-window-top">
            <span class="header-content">Methods in chronological order</span>
          </div> <!-- main-panel-header rounded-window-top -->
          <div class="main-panel-content rounded-window-bottom">
            <div class="chronological-class">
              <div class="chronological-class-name">com.affilomnia.leadbaskets.BuyerTest</div> <!-- chronological-class-name -->
              <div class="test-method">
                <span class="method-name">testBuyerRegistrtion</span>
                <span class="method-start">0 ms</span>
              </div> <!-- test-method -->
              <div class="test-method">
                <span class="method-name">testTotalLeadTotalSpentAvgcplParCamp</span>
                <span class="method-start">21031 ms</span>
              </div> <!-- test-method -->
              <div class="test-method">
                <span class="method-name">testLoginTotalSpentAndLeads</span>
                <span class="method-start">45634 ms</span>
              </div> <!-- test-method -->
              <div class="test-method">
                <img src="failed.png">
                </img>
                <span class="method-name">testdownloadIntegrtionPDF</span>
                <span class="method-start">56528 ms</span>
              </div> <!-- test-method -->
          </div> <!-- main-panel-content rounded-window-bottom -->
        </div> <!-- panel -->
      </div> <!-- main-panel-root -->
    </div> <!-- wrapper -->
  </body>
</html>
