<html>
<head>
<title>TestNG:  LeadsBaskets Test</title>
<link href="../testng.css" rel="stylesheet" type="text/css" />
<link href="../my-testng.css" rel="stylesheet" type="text/css" />

<style type="text/css">
.log { display: none;} 
.stack-trace { display: none;} 
</style>
<script type="text/javascript">
<!--
function flip(e) {
  current = e.style.display;
  if (current == 'block') {
    e.style.display = 'none';
    return 0;
  }
  else {
    e.style.display = 'block';
    return 1;
  }
}

function toggleBox(szDivId, elem, msg1, msg2)
{
  var res = -1;  if (document.getElementById) {
    res = flip(document.getElementById(szDivId));
  }
  else if (document.all) {
    // this is the way old msie versions work
    res = flip(document.all[szDivId]);
  }
  if(elem) {
    if(res == 0) elem.innerHTML = msg1; else elem.innerHTML = msg2;
  }

}

function toggleAllBoxes() {
  if (document.getElementsByTagName) {
    d = document.getElementsByTagName('div');
    for (i = 0; i < d.length; i++) {
      if (d[i].className == 'log') {
        flip(d[i]);
      }
    }
  }
}

// -->
</script>

</head>
<body>
<h2 align='center'>LeadsBaskets Test</h2><table border='1' align="center">
<tr>
<td>Tests passed/Failed/Skipped:</td><td>3/5/0</td>
</tr><tr>
<td>Started on:</td><td>Wed Feb 07 10:22:28 IST 2018</td>
</tr>
<tr><td>Total time:</td><td>78 seconds (78875 ms)</td>
</tr><tr>
<td>Included groups:</td><td>BuyerReg create Lead buyer statistic Seller Statistic </td>
</tr><tr>
<td>Excluded groups:</td><td></td>
</tr>
</table><p/>
<small><i>(Hover the method name to see the test class name)</i></small><p/>
<table width='100%' border='1' class='invocation-failed'>
<tr><td colspan='4' align='center'><b>FAILED TESTS</b></td></tr>
<tr><td><b>Test method</b></td>
<td width="30%"><b>Exception</b></td>
<td width="10%"><b>Time (seconds)</b></td>
<td><b>Instance</b></td>
</tr>
<tr>
<td title='com.affilomnia.leadbaskets.SellerTest.sellerAccountingStatistic()'><b>sellerAccountingStatistic</b><br>Test class: com.affilomnia.leadbaskets.SellerTest<br>Test method: Test seller accounting statistic <br/>
<a href="#Output-1711573700" onClick='toggleBox("Output-1711573700", this, "Show output", "Hide output");'>Show output</a>

<a href="#Output-1711573700" onClick="toggleAllBoxes();">Show all outputs</a>
<div class='log' id="Output-1711573700">
Report for sellerAccountingStatistic
+--------------------+----------------------------------------------------------------------+----------+----------+
|Element             |Subject                                                               |Status    |ms.       |
+--------------------+----------------------------------------------------------------------+----------+----------+
|open                |https://test_app.leadsbasket.com                                      |PASS      |164       |
|input[name='email'] |send keys(kirilk+webdriver1@affilomania.com)                          |FAIL      |4049      |
+--------------------+----------------------------------------------------------------------+----------+----------+
<br/>
</div>
</td>
<td><div><pre>Element not found {input[name=&apos;email&apos;]}
Expected: exist
Screenshot: file:/C:/LeadBasketsVr2/affilomnia.leadbaskets/build/reports/tests/1517991819266.2.png
Page source: file:/C:/LeadBasketsVr2/affilomnia.leadbaskets/build/reports/tests/1517991819266.2.html
Timeout: 4 s.
Caused by: NoSuchElementException: no such element: Unable to locate element: {&quot;method&quot;:&quot;css selector&quot;,&quot;selector&quot;:&quot;input[name=&apos;email&apos;]&quot;}
	at com.codeborne.selenide.impl.WebElementSource.createElementNotFoundError(WebElementSource.java:31)
	at com.codeborne.selenide.impl.ElementFinder.createElementNotFoundError(ElementFinder.java:82)
	at com.codeborne.selenide.impl.SelenideElementProxy.dispatchAndRetry(SelenideElementProxy.java:116)
	at com.codeborne.selenide.impl.SelenideElementProxy.invoke(SelenideElementProxy.java:63)
	at com.sun.proxy.$Proxy21.sendKeys(Unknown Source)
	at Pages.LoginPage.login(LoginPage.java:27)
	at com.affilomnia.leadbaskets.SellerTest.sellerAccountingStatistic(SellerTest.java:65)
Caused by: org.openqa.selenium.NoSuchElementException: no such element: Unable to locate element: {&quot;method&quot;:&quot;css selector&quot;,&quot;selector&quot;:&quot;input[name=&apos;email&apos;]&quot;}
  (Session info: chrome=63.0.3239.132)
  (Driver info: chromedriver=2.35.528161 (5b82f2d2aae0ca24b877009200ced9065a772e73),platform=Windows NT 10.0.15063 x86_64) (WARNING: The server did not provide any stacktrace information)
Command duration or timeout: 0 milliseconds
For documentation on this error, please visit: http://seleniumhq.org/exceptions/no_such_element.html
Build info: version: &apos;3.8.1&apos;, revision: &apos;6e95a6684b&apos;, time: &apos;2017-12-01T18:33:54.468Z&apos;
System info: host: &apos;RG-W-KIRIL&apos;, ip: &apos;192.168.10.21&apos;, os.name: &apos;Windows 10&apos;, os.arch: &apos;amd64&apos;, os.version: &apos;10.0&apos;, java.version: &apos;1.8.0_144&apos;
Driver info: org.openqa.selenium.chrome.ChromeDriver
Capabilities {acceptInsecureCerts: false, acceptSslCerts: false, applicationCacheEnabled: false, browserConnectionEnabled: false, browserName: chrome, chrome: {chromedriverVersion: 2.35.528161 (5b82f2d2aae0ca..., userDataDir: C:\Users\kiril\AppData\Loca...}, cssSelectorsEnabled: true, databaseEnabled: false, handlesAlerts: true, hasTouchScreen: false, javascriptEnabled: true, locationContextEnabled: true, mobileEmulationEnabled: false, nativeEvents: true, networkConnectionEnabled: false, pageLoadStrategy: normal, platform: XP, platformName: XP, rotatable: false, setWindowRect: true, takesHeapSnapshot: true, takesScreenshot: true, unexpectedAlertBehaviour: , unhandledPromptBehavior: , version: 63.0.3239.132, webStorageEnabled: true}
Session ID: 1d276fc858c184b4932d52422e511558
*** Element info: {Using=css selector, value=input[name=&apos;email&apos;]}
	at org.openqa.selenium.remote.ErrorHandler.createThrowable(ErrorHandler.java:214)
	at org.openqa.selenium.remote.ErrorHandler.throwIfResponseFailed(ErrorHandler.java:166)
	at org.openqa.selenium.remote.http.JsonHttpResponseCodec.reconstructValue(JsonHttpResponseCodec.java:40)
	at org.openqa.selenium.remote.http.AbstractHttpResponseCodec.decode(AbstractHttpResponseCodec.java:80)
	at org.openqa.selenium.remote.http.AbstractHttpResponseCodec.decode(AbstractHttpResponseCodec.java:44)
	at org.openqa.selenium.remote.HttpCommandExecutor.execute(HttpCommandExecutor.java:164)
	at org.openqa.selenium.remote.service.DriverCommandExecutor.execute(DriverCommandExecutor.java:83)
	at org.openqa.selenium.remote.RemoteWebDriver.execute(RemoteWebDriver.java:601)
	at org.openqa.selenium.remote.RemoteWebDriver.findElement(RemoteWebDriver.java:371)
	at org.openqa.selenium.remote.RemoteWebDriver.findElementByCssSelector(RemoteWebDriver.java:465)
	at org.openqa.selenium.By$ByCssSelector.findElement(By.java:430)
	at org.openqa.selenium.remote.RemoteWebDriver.findElement(RemoteWebDriver.java:363)
	at com.codeborne.selenide.impl.WebElementSelector.findElement(WebElementSelector.java:29)
	at com.codeborne.selenide.impl.ElementFinder.getWebElement(ElementFinder.java:56)
	at com.codeborne.selenide.impl.SelenideElementProxy.dispatchAndRetry(SelenideElementProxy.java:90)
	... 29 more
... Removed 28 stack frames</pre></div><a href='#' onClick='toggleBox("stack-trace1711573700", this, "Click to show all stack frames", "Click to hide stack frames")'>Click to show all stack frames</a>
<div class='stack-trace' id='stack-trace1711573700'><pre>Element not found {input[name=&apos;email&apos;]}
Expected: exist
Screenshot: file:/C:/LeadBasketsVr2/affilomnia.leadbaskets/build/reports/tests/1517991819266.2.png
Page source: file:/C:/LeadBasketsVr2/affilomnia.leadbaskets/build/reports/tests/1517991819266.2.html
Timeout: 4 s.
Caused by: NoSuchElementException: no such element: Unable to locate element: {&quot;method&quot;:&quot;css selector&quot;,&quot;selector&quot;:&quot;input[name=&apos;email&apos;]&quot;}
	at com.codeborne.selenide.impl.WebElementSource.createElementNotFoundError(WebElementSource.java:31)
	at com.codeborne.selenide.impl.ElementFinder.createElementNotFoundError(ElementFinder.java:82)
	at com.codeborne.selenide.impl.SelenideElementProxy.dispatchAndRetry(SelenideElementProxy.java:116)
	at com.codeborne.selenide.impl.SelenideElementProxy.invoke(SelenideElementProxy.java:63)
	at com.sun.proxy.$Proxy21.sendKeys(Unknown Source)
	at Pages.LoginPage.login(LoginPage.java:27)
	at com.affilomnia.leadbaskets.SellerTest.sellerAccountingStatistic(SellerTest.java:65)
	at sun.reflect.NativeMethodAccessorImpl.invoke0(Native Method)
	at sun.reflect.NativeMethodAccessorImpl.invoke(NativeMethodAccessorImpl.java:62)
	at sun.reflect.DelegatingMethodAccessorImpl.invoke(DelegatingMethodAccessorImpl.java:43)
	at java.lang.reflect.Method.invoke(Method.java:498)
	at org.testng.internal.MethodInvocationHelper.invokeMethod(MethodInvocationHelper.java:108)
	at org.testng.internal.Invoker.invokeMethod(Invoker.java:669)
	at org.testng.internal.Invoker.invokeTestMethod(Invoker.java:877)
	at org.testng.internal.Invoker.invokeTestMethods(Invoker.java:1201)
	at org.testng.internal.TestMethodWorker.invokeTestMethods(TestMethodWorker.java:125)
	at org.testng.internal.TestMethodWorker.run(TestMethodWorker.java:109)
	at org.testng.TestRunner.privateRun(TestRunner.java:776)
	at org.testng.TestRunner.run(TestRunner.java:634)
	at org.testng.SuiteRunner.runTest(SuiteRunner.java:425)
	at org.testng.SuiteRunner.runSequentially(SuiteRunner.java:420)
	at org.testng.SuiteRunner.privateRun(SuiteRunner.java:385)
	at org.testng.SuiteRunner.run(SuiteRunner.java:334)
	at org.testng.SuiteRunnerWorker.runSuite(SuiteRunnerWorker.java:52)
	at org.testng.SuiteRunnerWorker.run(SuiteRunnerWorker.java:86)
	at org.testng.TestNG.runSuitesSequentially(TestNG.java:1318)
	at org.testng.TestNG.runSuitesLocally(TestNG.java:1243)
	at org.testng.TestNG.runSuites(TestNG.java:1161)
	at org.testng.TestNG.run(TestNG.java:1129)
	at org.testng.remote.AbstractRemoteTestNG.run(AbstractRemoteTestNG.java:114)
	at org.testng.remote.RemoteTestNG.initAndRun(RemoteTestNG.java:251)
	at org.testng.remote.RemoteTestNG.main(RemoteTestNG.java:77)
Caused by: org.openqa.selenium.NoSuchElementException: no such element: Unable to locate element: {&quot;method&quot;:&quot;css selector&quot;,&quot;selector&quot;:&quot;input[name=&apos;email&apos;]&quot;}
  (Session info: chrome=63.0.3239.132)
  (Driver info: chromedriver=2.35.528161 (5b82f2d2aae0ca24b877009200ced9065a772e73),platform=Windows NT 10.0.15063 x86_64) (WARNING: The server did not provide any stacktrace information)
Command duration or timeout: 0 milliseconds
For documentation on this error, please visit: http://seleniumhq.org/exceptions/no_such_element.html
Build info: version: &apos;3.8.1&apos;, revision: &apos;6e95a6684b&apos;, time: &apos;2017-12-01T18:33:54.468Z&apos;
System info: host: &apos;RG-W-KIRIL&apos;, ip: &apos;192.168.10.21&apos;, os.name: &apos;Windows 10&apos;, os.arch: &apos;amd64&apos;, os.version: &apos;10.0&apos;, java.version: &apos;1.8.0_144&apos;
Driver info: org.openqa.selenium.chrome.ChromeDriver
Capabilities {acceptInsecureCerts: false, acceptSslCerts: false, applicationCacheEnabled: false, browserConnectionEnabled: false, browserName: chrome, chrome: {chromedriverVersion: 2.35.528161 (5b82f2d2aae0ca..., userDataDir: C:\Users\kiril\AppData\Loca...}, cssSelectorsEnabled: true, databaseEnabled: false, handlesAlerts: true, hasTouchScreen: false, javascriptEnabled: true, locationContextEnabled: true, mobileEmulationEnabled: false, nativeEvents: true, networkConnectionEnabled: false, pageLoadStrategy: normal, platform: XP, platformName: XP, rotatable: false, setWindowRect: true, takesHeapSnapshot: true, takesScreenshot: true, unexpectedAlertBehaviour: , unhandledPromptBehavior: , version: 63.0.3239.132, webStorageEnabled: true}
Session ID: 1d276fc858c184b4932d52422e511558
*** Element info: {Using=css selector, value=input[name=&apos;email&apos;]}
	at sun.reflect.GeneratedConstructorAccessor20.newInstance(Unknown Source)
	at sun.reflect.DelegatingConstructorAccessorImpl.newInstance(DelegatingConstructorAccessorImpl.java:45)
	at java.lang.reflect.Constructor.newInstance(Constructor.java:423)
	at org.openqa.selenium.remote.ErrorHandler.createThrowable(ErrorHandler.java:214)
	at org.openqa.selenium.remote.ErrorHandler.throwIfResponseFailed(ErrorHandler.java:166)
	at org.openqa.selenium.remote.http.JsonHttpResponseCodec.reconstructValue(JsonHttpResponseCodec.java:40)
	at org.openqa.selenium.remote.http.AbstractHttpResponseCodec.decode(AbstractHttpResponseCodec.java:80)
	at org.openqa.selenium.remote.http.AbstractHttpResponseCodec.decode(AbstractHttpResponseCodec.java:44)
	at org.openqa.selenium.remote.HttpCommandExecutor.execute(HttpCommandExecutor.java:164)
	at org.openqa.selenium.remote.service.DriverCommandExecutor.execute(DriverCommandExecutor.java:83)
	at org.openqa.selenium.remote.RemoteWebDriver.execute(RemoteWebDriver.java:601)
	at org.openqa.selenium.remote.RemoteWebDriver.findElement(RemoteWebDriver.java:371)
	at org.openqa.selenium.remote.RemoteWebDriver.findElementByCssSelector(RemoteWebDriver.java:465)
	at org.openqa.selenium.By$ByCssSelector.findElement(By.java:430)
	at org.openqa.selenium.remote.RemoteWebDriver.findElement(RemoteWebDriver.java:363)
	at com.codeborne.selenide.impl.WebElementSelector.findElement(WebElementSelector.java:29)
	at com.codeborne.selenide.impl.ElementFinder.getWebElement(ElementFinder.java:56)
	at com.codeborne.selenide.impl.SelenideElementProxy.dispatchAndRetry(SelenideElementProxy.java:90)
	... 29 more
</pre></div></td>
<td>4</td>
<td>com.affilomnia.leadbaskets.SellerTest@7b8ea1db</td></tr>
<tr>
<td title='com.affilomnia.leadbaskets.BuyerTest.testLoginTotalSpentAndLeads()'><b>testLoginTotalSpentAndLeads</b><br>Test class: com.affilomnia.leadbaskets.BuyerTest<br>Test method: Test total leads Total spent of buyer<br/>
<a href="#Output-630313530" onClick='toggleBox("Output-630313530", this, "Show output", "Hide output");'>Show output</a>

<a href="#Output-630313530" onClick="toggleAllBoxes();">Show all outputs</a>
<div class='log' id="Output-630313530">
Report for testLoginTotalSpentAndLeads
+--------------------+----------------------------------------------------------------------+----------+----------+
|Element             |Subject                                                               |Status    |ms.       |
+--------------------+----------------------------------------------------------------------+----------+----------+
|open                |https://test_app.leadsbasket.com                                      |PASS      |233       |
|input[name='email'] |send keys(kirilk+bidder@affilomania.com)                              |FAIL      |4065      |
+--------------------+----------------------------------------------------------------------+----------+----------+
<br/>
</div>
</td>
<td><div><pre>Element not found {input[name=&apos;email&apos;]}
Expected: exist
Screenshot: file:/C:/LeadBasketsVr2/affilomnia.leadbaskets/build/reports/tests/1517991813287.1.png
Page source: file:/C:/LeadBasketsVr2/affilomnia.leadbaskets/build/reports/tests/1517991813287.1.html
Timeout: 4 s.
Caused by: NoSuchElementException: no such element: Unable to locate element: {&quot;method&quot;:&quot;css selector&quot;,&quot;selector&quot;:&quot;input[name=&apos;email&apos;]&quot;}
	at com.codeborne.selenide.impl.WebElementSource.createElementNotFoundError(WebElementSource.java:31)
	at com.codeborne.selenide.impl.ElementFinder.createElementNotFoundError(ElementFinder.java:82)
	at com.codeborne.selenide.impl.SelenideElementProxy.dispatchAndRetry(SelenideElementProxy.java:116)
	at com.codeborne.selenide.impl.SelenideElementProxy.invoke(SelenideElementProxy.java:63)
	at com.sun.proxy.$Proxy21.sendKeys(Unknown Source)
	at Pages.LoginPage.login(LoginPage.java:27)
	at com.affilomnia.leadbaskets.BuyerTest.testLoginTotalSpentAndLeads(BuyerTest.java:37)
Caused by: org.openqa.selenium.NoSuchElementException: no such element: Unable to locate element: {&quot;method&quot;:&quot;css selector&quot;,&quot;selector&quot;:&quot;input[name=&apos;email&apos;]&quot;}
  (Session info: chrome=63.0.3239.132)
  (Driver info: chromedriver=2.35.528161 (5b82f2d2aae0ca24b877009200ced9065a772e73),platform=Windows NT 10.0.15063 x86_64) (WARNING: The server did not provide any stacktrace information)
Command duration or timeout: 0 milliseconds
For documentation on this error, please visit: http://seleniumhq.org/exceptions/no_such_element.html
Build info: version: &apos;3.8.1&apos;, revision: &apos;6e95a6684b&apos;, time: &apos;2017-12-01T18:33:54.468Z&apos;
System info: host: &apos;RG-W-KIRIL&apos;, ip: &apos;192.168.10.21&apos;, os.name: &apos;Windows 10&apos;, os.arch: &apos;amd64&apos;, os.version: &apos;10.0&apos;, java.version: &apos;1.8.0_144&apos;
Driver info: org.openqa.selenium.chrome.ChromeDriver
Capabilities {acceptInsecureCerts: false, acceptSslCerts: false, applicationCacheEnabled: false, browserConnectionEnabled: false, browserName: chrome, chrome: {chromedriverVersion: 2.35.528161 (5b82f2d2aae0ca..., userDataDir: C:\Users\kiril\AppData\Loca...}, cssSelectorsEnabled: true, databaseEnabled: false, handlesAlerts: true, hasTouchScreen: false, javascriptEnabled: true, locationContextEnabled: true, mobileEmulationEnabled: false, nativeEvents: true, networkConnectionEnabled: false, pageLoadStrategy: normal, platform: XP, platformName: XP, rotatable: false, setWindowRect: true, takesHeapSnapshot: true, takesScreenshot: true, unexpectedAlertBehaviour: , unhandledPromptBehavior: , version: 63.0.3239.132, webStorageEnabled: true}
Session ID: 1d276fc858c184b4932d52422e511558
*** Element info: {Using=css selector, value=input[name=&apos;email&apos;]}
	at org.openqa.selenium.remote.ErrorHandler.createThrowable(ErrorHandler.java:214)
	at org.openqa.selenium.remote.ErrorHandler.throwIfResponseFailed(ErrorHandler.java:166)
	at org.openqa.selenium.remote.http.JsonHttpResponseCodec.reconstructValue(JsonHttpResponseCodec.java:40)
	at org.openqa.selenium.remote.http.AbstractHttpResponseCodec.decode(AbstractHttpResponseCodec.java:80)
	at org.openqa.selenium.remote.http.AbstractHttpResponseCodec.decode(AbstractHttpResponseCodec.java:44)
	at org.openqa.selenium.remote.HttpCommandExecutor.execute(HttpCommandExecutor.java:164)
	at org.openqa.selenium.remote.service.DriverCommandExecutor.execute(DriverCommandExecutor.java:83)
	at org.openqa.selenium.remote.RemoteWebDriver.execute(RemoteWebDriver.java:601)
	at org.openqa.selenium.remote.RemoteWebDriver.findElement(RemoteWebDriver.java:371)
	at org.openqa.selenium.remote.RemoteWebDriver.findElementByCssSelector(RemoteWebDriver.java:465)
	at org.openqa.selenium.By$ByCssSelector.findElement(By.java:430)
	at org.openqa.selenium.remote.RemoteWebDriver.findElement(RemoteWebDriver.java:363)
	at com.codeborne.selenide.impl.WebElementSelector.findElement(WebElementSelector.java:29)
	at com.codeborne.selenide.impl.ElementFinder.getWebElement(ElementFinder.java:56)
	at com.codeborne.selenide.impl.SelenideElementProxy.dispatchAndRetry(SelenideElementProxy.java:90)
	... 29 more
... Removed 28 stack frames</pre></div><a href='#' onClick='toggleBox("stack-trace630313530", this, "Click to show all stack frames", "Click to hide stack frames")'>Click to show all stack frames</a>
<div class='stack-trace' id='stack-trace630313530'><pre>Element not found {input[name=&apos;email&apos;]}
Expected: exist
Screenshot: file:/C:/LeadBasketsVr2/affilomnia.leadbaskets/build/reports/tests/1517991813287.1.png
Page source: file:/C:/LeadBasketsVr2/affilomnia.leadbaskets/build/reports/tests/1517991813287.1.html
Timeout: 4 s.
Caused by: NoSuchElementException: no such element: Unable to locate element: {&quot;method&quot;:&quot;css selector&quot;,&quot;selector&quot;:&quot;input[name=&apos;email&apos;]&quot;}
	at com.codeborne.selenide.impl.WebElementSource.createElementNotFoundError(WebElementSource.java:31)
	at com.codeborne.selenide.impl.ElementFinder.createElementNotFoundError(ElementFinder.java:82)
	at com.codeborne.selenide.impl.SelenideElementProxy.dispatchAndRetry(SelenideElementProxy.java:116)
	at com.codeborne.selenide.impl.SelenideElementProxy.invoke(SelenideElementProxy.java:63)
	at com.sun.proxy.$Proxy21.sendKeys(Unknown Source)
	at Pages.LoginPage.login(LoginPage.java:27)
	at com.affilomnia.leadbaskets.BuyerTest.testLoginTotalSpentAndLeads(BuyerTest.java:37)
	at sun.reflect.NativeMethodAccessorImpl.invoke0(Native Method)
	at sun.reflect.NativeMethodAccessorImpl.invoke(NativeMethodAccessorImpl.java:62)
	at sun.reflect.DelegatingMethodAccessorImpl.invoke(DelegatingMethodAccessorImpl.java:43)
	at java.lang.reflect.Method.invoke(Method.java:498)
	at org.testng.internal.MethodInvocationHelper.invokeMethod(MethodInvocationHelper.java:108)
	at org.testng.internal.Invoker.invokeMethod(Invoker.java:669)
	at org.testng.internal.Invoker.invokeTestMethod(Invoker.java:877)
	at org.testng.internal.Invoker.invokeTestMethods(Invoker.java:1201)
	at org.testng.internal.TestMethodWorker.invokeTestMethods(TestMethodWorker.java:125)
	at org.testng.internal.TestMethodWorker.run(TestMethodWorker.java:109)
	at org.testng.TestRunner.privateRun(TestRunner.java:776)
	at org.testng.TestRunner.run(TestRunner.java:634)
	at org.testng.SuiteRunner.runTest(SuiteRunner.java:425)
	at org.testng.SuiteRunner.runSequentially(SuiteRunner.java:420)
	at org.testng.SuiteRunner.privateRun(SuiteRunner.java:385)
	at org.testng.SuiteRunner.run(SuiteRunner.java:334)
	at org.testng.SuiteRunnerWorker.runSuite(SuiteRunnerWorker.java:52)
	at org.testng.SuiteRunnerWorker.run(SuiteRunnerWorker.java:86)
	at org.testng.TestNG.runSuitesSequentially(TestNG.java:1318)
	at org.testng.TestNG.runSuitesLocally(TestNG.java:1243)
	at org.testng.TestNG.runSuites(TestNG.java:1161)
	at org.testng.TestNG.run(TestNG.java:1129)
	at org.testng.remote.AbstractRemoteTestNG.run(AbstractRemoteTestNG.java:114)
	at org.testng.remote.RemoteTestNG.initAndRun(RemoteTestNG.java:251)
	at org.testng.remote.RemoteTestNG.main(RemoteTestNG.java:77)
Caused by: org.openqa.selenium.NoSuchElementException: no such element: Unable to locate element: {&quot;method&quot;:&quot;css selector&quot;,&quot;selector&quot;:&quot;input[name=&apos;email&apos;]&quot;}
  (Session info: chrome=63.0.3239.132)
  (Driver info: chromedriver=2.35.528161 (5b82f2d2aae0ca24b877009200ced9065a772e73),platform=Windows NT 10.0.15063 x86_64) (WARNING: The server did not provide any stacktrace information)
Command duration or timeout: 0 milliseconds
For documentation on this error, please visit: http://seleniumhq.org/exceptions/no_such_element.html
Build info: version: &apos;3.8.1&apos;, revision: &apos;6e95a6684b&apos;, time: &apos;2017-12-01T18:33:54.468Z&apos;
System info: host: &apos;RG-W-KIRIL&apos;, ip: &apos;192.168.10.21&apos;, os.name: &apos;Windows 10&apos;, os.arch: &apos;amd64&apos;, os.version: &apos;10.0&apos;, java.version: &apos;1.8.0_144&apos;
Driver info: org.openqa.selenium.chrome.ChromeDriver
Capabilities {acceptInsecureCerts: false, acceptSslCerts: false, applicationCacheEnabled: false, browserConnectionEnabled: false, browserName: chrome, chrome: {chromedriverVersion: 2.35.528161 (5b82f2d2aae0ca..., userDataDir: C:\Users\kiril\AppData\Loca...}, cssSelectorsEnabled: true, databaseEnabled: false, handlesAlerts: true, hasTouchScreen: false, javascriptEnabled: true, locationContextEnabled: true, mobileEmulationEnabled: false, nativeEvents: true, networkConnectionEnabled: false, pageLoadStrategy: normal, platform: XP, platformName: XP, rotatable: false, setWindowRect: true, takesHeapSnapshot: true, takesScreenshot: true, unexpectedAlertBehaviour: , unhandledPromptBehavior: , version: 63.0.3239.132, webStorageEnabled: true}
Session ID: 1d276fc858c184b4932d52422e511558
*** Element info: {Using=css selector, value=input[name=&apos;email&apos;]}
	at sun.reflect.GeneratedConstructorAccessor20.newInstance(Unknown Source)
	at sun.reflect.DelegatingConstructorAccessorImpl.newInstance(DelegatingConstructorAccessorImpl.java:45)
	at java.lang.reflect.Constructor.newInstance(Constructor.java:423)
	at org.openqa.selenium.remote.ErrorHandler.createThrowable(ErrorHandler.java:214)
	at org.openqa.selenium.remote.ErrorHandler.throwIfResponseFailed(ErrorHandler.java:166)
	at org.openqa.selenium.remote.http.JsonHttpResponseCodec.reconstructValue(JsonHttpResponseCodec.java:40)
	at org.openqa.selenium.remote.http.AbstractHttpResponseCodec.decode(AbstractHttpResponseCodec.java:80)
	at org.openqa.selenium.remote.http.AbstractHttpResponseCodec.decode(AbstractHttpResponseCodec.java:44)
	at org.openqa.selenium.remote.HttpCommandExecutor.execute(HttpCommandExecutor.java:164)
	at org.openqa.selenium.remote.service.DriverCommandExecutor.execute(DriverCommandExecutor.java:83)
	at org.openqa.selenium.remote.RemoteWebDriver.execute(RemoteWebDriver.java:601)
	at org.openqa.selenium.remote.RemoteWebDriver.findElement(RemoteWebDriver.java:371)
	at org.openqa.selenium.remote.RemoteWebDriver.findElementByCssSelector(RemoteWebDriver.java:465)
	at org.openqa.selenium.By$ByCssSelector.findElement(By.java:430)
	at org.openqa.selenium.remote.RemoteWebDriver.findElement(RemoteWebDriver.java:363)
	at com.codeborne.selenide.impl.WebElementSelector.findElement(WebElementSelector.java:29)
	at com.codeborne.selenide.impl.ElementFinder.getWebElement(ElementFinder.java:56)
	at com.codeborne.selenide.impl.SelenideElementProxy.dispatchAndRetry(SelenideElementProxy.java:90)
	... 29 more
</pre></div></td>
<td>4</td>
<td>com.affilomnia.leadbaskets.BuyerTest@70b48eb3</td></tr>
<tr>
<td title='com.affilomnia.leadbaskets.SellerTest.testStatisticParOffer()'><b>testStatisticParOffer</b><br>Test class: com.affilomnia.leadbaskets.SellerTest<br>Test method: Test Stats Par offer <br/>
<a href="#Output-1621854559" onClick='toggleBox("Output-1621854559", this, "Show output", "Hide output");'>Show output</a>

<a href="#Output-1621854559" onClick="toggleAllBoxes();">Show all outputs</a>
<div class='log' id="Output-1621854559">
Report for testStatisticParOffer
+--------------------+----------------------------------------------------------------------+----------+----------+
|Element             |Subject                                                               |Status    |ms.       |
+--------------------+----------------------------------------------------------------------+----------+----------+
|open                |https://test_app.leadsbasket.com                                      |PASS      |183       |
|input[name='email'] |send keys(kirilk+webdriver1@affilomania.com)                          |FAIL      |4097      |
+--------------------+----------------------------------------------------------------------+----------+----------+
<br/>
</div>
</td>
<td><div><pre>Element not found {input[name=&apos;email&apos;]}
Expected: exist
Screenshot: file:/C:/LeadBasketsVr2/affilomnia.leadbaskets/build/reports/tests/1517991825298.3.png
Page source: file:/C:/LeadBasketsVr2/affilomnia.leadbaskets/build/reports/tests/1517991825298.3.html
Timeout: 4 s.
Caused by: NoSuchElementException: no such element: Unable to locate element: {&quot;method&quot;:&quot;css selector&quot;,&quot;selector&quot;:&quot;input[name=&apos;email&apos;]&quot;}
	at com.codeborne.selenide.impl.WebElementSource.createElementNotFoundError(WebElementSource.java:31)
	at com.codeborne.selenide.impl.ElementFinder.createElementNotFoundError(ElementFinder.java:82)
	at com.codeborne.selenide.impl.SelenideElementProxy.dispatchAndRetry(SelenideElementProxy.java:116)
	at com.codeborne.selenide.impl.SelenideElementProxy.invoke(SelenideElementProxy.java:63)
	at com.sun.proxy.$Proxy21.sendKeys(Unknown Source)
	at Pages.LoginPage.login(LoginPage.java:27)
	at com.affilomnia.leadbaskets.SellerTest.testStatisticParOffer(SellerTest.java:54)
Caused by: org.openqa.selenium.NoSuchElementException: no such element: Unable to locate element: {&quot;method&quot;:&quot;css selector&quot;,&quot;selector&quot;:&quot;input[name=&apos;email&apos;]&quot;}
  (Session info: chrome=63.0.3239.132)
  (Driver info: chromedriver=2.35.528161 (5b82f2d2aae0ca24b877009200ced9065a772e73),platform=Windows NT 10.0.15063 x86_64) (WARNING: The server did not provide any stacktrace information)
Command duration or timeout: 0 milliseconds
For documentation on this error, please visit: http://seleniumhq.org/exceptions/no_such_element.html
Build info: version: &apos;3.8.1&apos;, revision: &apos;6e95a6684b&apos;, time: &apos;2017-12-01T18:33:54.468Z&apos;
System info: host: &apos;RG-W-KIRIL&apos;, ip: &apos;192.168.10.21&apos;, os.name: &apos;Windows 10&apos;, os.arch: &apos;amd64&apos;, os.version: &apos;10.0&apos;, java.version: &apos;1.8.0_144&apos;
Driver info: org.openqa.selenium.chrome.ChromeDriver
Capabilities {acceptInsecureCerts: false, acceptSslCerts: false, applicationCacheEnabled: false, browserConnectionEnabled: false, browserName: chrome, chrome: {chromedriverVersion: 2.35.528161 (5b82f2d2aae0ca..., userDataDir: C:\Users\kiril\AppData\Loca...}, cssSelectorsEnabled: true, databaseEnabled: false, handlesAlerts: true, hasTouchScreen: false, javascriptEnabled: true, locationContextEnabled: true, mobileEmulationEnabled: false, nativeEvents: true, networkConnectionEnabled: false, pageLoadStrategy: normal, platform: XP, platformName: XP, rotatable: false, setWindowRect: true, takesHeapSnapshot: true, takesScreenshot: true, unexpectedAlertBehaviour: , unhandledPromptBehavior: , version: 63.0.3239.132, webStorageEnabled: true}
Session ID: 1d276fc858c184b4932d52422e511558
*** Element info: {Using=css selector, value=input[name=&apos;email&apos;]}
	at org.openqa.selenium.remote.ErrorHandler.createThrowable(ErrorHandler.java:214)
	at org.openqa.selenium.remote.ErrorHandler.throwIfResponseFailed(ErrorHandler.java:166)
	at org.openqa.selenium.remote.http.JsonHttpResponseCodec.reconstructValue(JsonHttpResponseCodec.java:40)
	at org.openqa.selenium.remote.http.AbstractHttpResponseCodec.decode(AbstractHttpResponseCodec.java:80)
	at org.openqa.selenium.remote.http.AbstractHttpResponseCodec.decode(AbstractHttpResponseCodec.java:44)
	at org.openqa.selenium.remote.HttpCommandExecutor.execute(HttpCommandExecutor.java:164)
	at org.openqa.selenium.remote.service.DriverCommandExecutor.execute(DriverCommandExecutor.java:83)
	at org.openqa.selenium.remote.RemoteWebDriver.execute(RemoteWebDriver.java:601)
	at org.openqa.selenium.remote.RemoteWebDriver.findElement(RemoteWebDriver.java:371)
	at org.openqa.selenium.remote.RemoteWebDriver.findElementByCssSelector(RemoteWebDriver.java:465)
	at org.openqa.selenium.By$ByCssSelector.findElement(By.java:430)
	at org.openqa.selenium.remote.RemoteWebDriver.findElement(RemoteWebDriver.java:363)
	at com.codeborne.selenide.impl.WebElementSelector.findElement(WebElementSelector.java:29)
	at com.codeborne.selenide.impl.ElementFinder.getWebElement(ElementFinder.java:56)
	at com.codeborne.selenide.impl.SelenideElementProxy.dispatchAndRetry(SelenideElementProxy.java:90)
	... 29 more
... Removed 28 stack frames</pre></div><a href='#' onClick='toggleBox("stack-trace1621854559", this, "Click to show all stack frames", "Click to hide stack frames")'>Click to show all stack frames</a>
<div class='stack-trace' id='stack-trace1621854559'><pre>Element not found {input[name=&apos;email&apos;]}
Expected: exist
Screenshot: file:/C:/LeadBasketsVr2/affilomnia.leadbaskets/build/reports/tests/1517991825298.3.png
Page source: file:/C:/LeadBasketsVr2/affilomnia.leadbaskets/build/reports/tests/1517991825298.3.html
Timeout: 4 s.
Caused by: NoSuchElementException: no such element: Unable to locate element: {&quot;method&quot;:&quot;css selector&quot;,&quot;selector&quot;:&quot;input[name=&apos;email&apos;]&quot;}
	at com.codeborne.selenide.impl.WebElementSource.createElementNotFoundError(WebElementSource.java:31)
	at com.codeborne.selenide.impl.ElementFinder.createElementNotFoundError(ElementFinder.java:82)
	at com.codeborne.selenide.impl.SelenideElementProxy.dispatchAndRetry(SelenideElementProxy.java:116)
	at com.codeborne.selenide.impl.SelenideElementProxy.invoke(SelenideElementProxy.java:63)
	at com.sun.proxy.$Proxy21.sendKeys(Unknown Source)
	at Pages.LoginPage.login(LoginPage.java:27)
	at com.affilomnia.leadbaskets.SellerTest.testStatisticParOffer(SellerTest.java:54)
	at sun.reflect.NativeMethodAccessorImpl.invoke0(Native Method)
	at sun.reflect.NativeMethodAccessorImpl.invoke(NativeMethodAccessorImpl.java:62)
	at sun.reflect.DelegatingMethodAccessorImpl.invoke(DelegatingMethodAccessorImpl.java:43)
	at java.lang.reflect.Method.invoke(Method.java:498)
	at org.testng.internal.MethodInvocationHelper.invokeMethod(MethodInvocationHelper.java:108)
	at org.testng.internal.Invoker.invokeMethod(Invoker.java:669)
	at org.testng.internal.Invoker.invokeTestMethod(Invoker.java:877)
	at org.testng.internal.Invoker.invokeTestMethods(Invoker.java:1201)
	at org.testng.internal.TestMethodWorker.invokeTestMethods(TestMethodWorker.java:125)
	at org.testng.internal.TestMethodWorker.run(TestMethodWorker.java:109)
	at org.testng.TestRunner.privateRun(TestRunner.java:776)
	at org.testng.TestRunner.run(TestRunner.java:634)
	at org.testng.SuiteRunner.runTest(SuiteRunner.java:425)
	at org.testng.SuiteRunner.runSequentially(SuiteRunner.java:420)
	at org.testng.SuiteRunner.privateRun(SuiteRunner.java:385)
	at org.testng.SuiteRunner.run(SuiteRunner.java:334)
	at org.testng.SuiteRunnerWorker.runSuite(SuiteRunnerWorker.java:52)
	at org.testng.SuiteRunnerWorker.run(SuiteRunnerWorker.java:86)
	at org.testng.TestNG.runSuitesSequentially(TestNG.java:1318)
	at org.testng.TestNG.runSuitesLocally(TestNG.java:1243)
	at org.testng.TestNG.runSuites(TestNG.java:1161)
	at org.testng.TestNG.run(TestNG.java:1129)
	at org.testng.remote.AbstractRemoteTestNG.run(AbstractRemoteTestNG.java:114)
	at org.testng.remote.RemoteTestNG.initAndRun(RemoteTestNG.java:251)
	at org.testng.remote.RemoteTestNG.main(RemoteTestNG.java:77)
Caused by: org.openqa.selenium.NoSuchElementException: no such element: Unable to locate element: {&quot;method&quot;:&quot;css selector&quot;,&quot;selector&quot;:&quot;input[name=&apos;email&apos;]&quot;}
  (Session info: chrome=63.0.3239.132)
  (Driver info: chromedriver=2.35.528161 (5b82f2d2aae0ca24b877009200ced9065a772e73),platform=Windows NT 10.0.15063 x86_64) (WARNING: The server did not provide any stacktrace information)
Command duration or timeout: 0 milliseconds
For documentation on this error, please visit: http://seleniumhq.org/exceptions/no_such_element.html
Build info: version: &apos;3.8.1&apos;, revision: &apos;6e95a6684b&apos;, time: &apos;2017-12-01T18:33:54.468Z&apos;
System info: host: &apos;RG-W-KIRIL&apos;, ip: &apos;192.168.10.21&apos;, os.name: &apos;Windows 10&apos;, os.arch: &apos;amd64&apos;, os.version: &apos;10.0&apos;, java.version: &apos;1.8.0_144&apos;
Driver info: org.openqa.selenium.chrome.ChromeDriver
Capabilities {acceptInsecureCerts: false, acceptSslCerts: false, applicationCacheEnabled: false, browserConnectionEnabled: false, browserName: chrome, chrome: {chromedriverVersion: 2.35.528161 (5b82f2d2aae0ca..., userDataDir: C:\Users\kiril\AppData\Loca...}, cssSelectorsEnabled: true, databaseEnabled: false, handlesAlerts: true, hasTouchScreen: false, javascriptEnabled: true, locationContextEnabled: true, mobileEmulationEnabled: false, nativeEvents: true, networkConnectionEnabled: false, pageLoadStrategy: normal, platform: XP, platformName: XP, rotatable: false, setWindowRect: true, takesHeapSnapshot: true, takesScreenshot: true, unexpectedAlertBehaviour: , unhandledPromptBehavior: , version: 63.0.3239.132, webStorageEnabled: true}
Session ID: 1d276fc858c184b4932d52422e511558
*** Element info: {Using=css selector, value=input[name=&apos;email&apos;]}
	at sun.reflect.GeneratedConstructorAccessor20.newInstance(Unknown Source)
	at sun.reflect.DelegatingConstructorAccessorImpl.newInstance(DelegatingConstructorAccessorImpl.java:45)
	at java.lang.reflect.Constructor.newInstance(Constructor.java:423)
	at org.openqa.selenium.remote.ErrorHandler.createThrowable(ErrorHandler.java:214)
	at org.openqa.selenium.remote.ErrorHandler.throwIfResponseFailed(ErrorHandler.java:166)
	at org.openqa.selenium.remote.http.JsonHttpResponseCodec.reconstructValue(JsonHttpResponseCodec.java:40)
	at org.openqa.selenium.remote.http.AbstractHttpResponseCodec.decode(AbstractHttpResponseCodec.java:80)
	at org.openqa.selenium.remote.http.AbstractHttpResponseCodec.decode(AbstractHttpResponseCodec.java:44)
	at org.openqa.selenium.remote.HttpCommandExecutor.execute(HttpCommandExecutor.java:164)
	at org.openqa.selenium.remote.service.DriverCommandExecutor.execute(DriverCommandExecutor.java:83)
	at org.openqa.selenium.remote.RemoteWebDriver.execute(RemoteWebDriver.java:601)
	at org.openqa.selenium.remote.RemoteWebDriver.findElement(RemoteWebDriver.java:371)
	at org.openqa.selenium.remote.RemoteWebDriver.findElementByCssSelector(RemoteWebDriver.java:465)
	at org.openqa.selenium.By$ByCssSelector.findElement(By.java:430)
	at org.openqa.selenium.remote.RemoteWebDriver.findElement(RemoteWebDriver.java:363)
	at com.codeborne.selenide.impl.WebElementSelector.findElement(WebElementSelector.java:29)
	at com.codeborne.selenide.impl.ElementFinder.getWebElement(ElementFinder.java:56)
	at com.codeborne.selenide.impl.SelenideElementProxy.dispatchAndRetry(SelenideElementProxy.java:90)
	... 29 more
</pre></div></td>
<td>4</td>
<td>com.affilomnia.leadbaskets.SellerTest@7b8ea1db</td></tr>
<tr>
<td title='com.affilomnia.leadbaskets.SellerTest.testTotalLeadTotalCpl()'><b>testTotalLeadTotalCpl</b><br>Test class: com.affilomnia.leadbaskets.SellerTest<br>Test method: How much seller have leads and Total CPl<br/>
<a href="#Output-1031376502" onClick='toggleBox("Output-1031376502", this, "Show output", "Hide output");'>Show output</a>

<a href="#Output-1031376502" onClick="toggleAllBoxes();">Show all outputs</a>
<div class='log' id="Output-1031376502">
Report for testTotalLeadTotalCpl
+--------------------+----------------------------------------------------------------------+----------+----------+
|Element             |Subject                                                               |Status    |ms.       |
+--------------------+----------------------------------------------------------------------+----------+----------+
|open                |https://test_app.leadsbasket.com                                      |PASS      |216       |
|input[name='email'] |send keys(kirilk+webdriver1@affilomania.com)                          |FAIL      |4004      |
+--------------------+----------------------------------------------------------------------+----------+----------+
<br/>
</div>
</td>
<td><div><pre>Element not found {input[name=&apos;email&apos;]}
Expected: exist
Screenshot: file:/C:/LeadBasketsVr2/affilomnia.leadbaskets/build/reports/tests/1517991803321.0.png
Page source: file:/C:/LeadBasketsVr2/affilomnia.leadbaskets/build/reports/tests/1517991803321.0.html
Timeout: 4 s.
Caused by: NoSuchElementException: no such element: Unable to locate element: {&quot;method&quot;:&quot;css selector&quot;,&quot;selector&quot;:&quot;input[name=&apos;email&apos;]&quot;}
	at com.codeborne.selenide.impl.WebElementSource.createElementNotFoundError(WebElementSource.java:31)
	at com.codeborne.selenide.impl.ElementFinder.createElementNotFoundError(ElementFinder.java:82)
	at com.codeborne.selenide.impl.SelenideElementProxy.dispatchAndRetry(SelenideElementProxy.java:116)
	at com.codeborne.selenide.impl.SelenideElementProxy.invoke(SelenideElementProxy.java:63)
	at com.sun.proxy.$Proxy21.sendKeys(Unknown Source)
	at Pages.LoginPage.login(LoginPage.java:27)
	at com.affilomnia.leadbaskets.SellerTest.testTotalLeadTotalCpl(SellerTest.java:41)
Caused by: org.openqa.selenium.NoSuchElementException: no such element: Unable to locate element: {&quot;method&quot;:&quot;css selector&quot;,&quot;selector&quot;:&quot;input[name=&apos;email&apos;]&quot;}
  (Session info: chrome=63.0.3239.132)
  (Driver info: chromedriver=2.35.528161 (5b82f2d2aae0ca24b877009200ced9065a772e73),platform=Windows NT 10.0.15063 x86_64) (WARNING: The server did not provide any stacktrace information)
Command duration or timeout: 0 milliseconds
For documentation on this error, please visit: http://seleniumhq.org/exceptions/no_such_element.html
Build info: version: &apos;3.8.1&apos;, revision: &apos;6e95a6684b&apos;, time: &apos;2017-12-01T18:33:54.468Z&apos;
System info: host: &apos;RG-W-KIRIL&apos;, ip: &apos;192.168.10.21&apos;, os.name: &apos;Windows 10&apos;, os.arch: &apos;amd64&apos;, os.version: &apos;10.0&apos;, java.version: &apos;1.8.0_144&apos;
Driver info: org.openqa.selenium.chrome.ChromeDriver
Capabilities {acceptInsecureCerts: false, acceptSslCerts: false, applicationCacheEnabled: false, browserConnectionEnabled: false, browserName: chrome, chrome: {chromedriverVersion: 2.35.528161 (5b82f2d2aae0ca..., userDataDir: C:\Users\kiril\AppData\Loca...}, cssSelectorsEnabled: true, databaseEnabled: false, handlesAlerts: true, hasTouchScreen: false, javascriptEnabled: true, locationContextEnabled: true, mobileEmulationEnabled: false, nativeEvents: true, networkConnectionEnabled: false, pageLoadStrategy: normal, platform: XP, platformName: XP, rotatable: false, setWindowRect: true, takesHeapSnapshot: true, takesScreenshot: true, unexpectedAlertBehaviour: , unhandledPromptBehavior: , version: 63.0.3239.132, webStorageEnabled: true}
Session ID: 1d276fc858c184b4932d52422e511558
*** Element info: {Using=css selector, value=input[name=&apos;email&apos;]}
	at org.openqa.selenium.remote.ErrorHandler.createThrowable(ErrorHandler.java:214)
	at org.openqa.selenium.remote.ErrorHandler.throwIfResponseFailed(ErrorHandler.java:166)
	at org.openqa.selenium.remote.http.JsonHttpResponseCodec.reconstructValue(JsonHttpResponseCodec.java:40)
	at org.openqa.selenium.remote.http.AbstractHttpResponseCodec.decode(AbstractHttpResponseCodec.java:80)
	at org.openqa.selenium.remote.http.AbstractHttpResponseCodec.decode(AbstractHttpResponseCodec.java:44)
	at org.openqa.selenium.remote.HttpCommandExecutor.execute(HttpCommandExecutor.java:164)
	at org.openqa.selenium.remote.service.DriverCommandExecutor.execute(DriverCommandExecutor.java:83)
	at org.openqa.selenium.remote.RemoteWebDriver.execute(RemoteWebDriver.java:601)
	at org.openqa.selenium.remote.RemoteWebDriver.findElement(RemoteWebDriver.java:371)
	at org.openqa.selenium.remote.RemoteWebDriver.findElementByCssSelector(RemoteWebDriver.java:465)
	at org.openqa.selenium.By$ByCssSelector.findElement(By.java:430)
	at org.openqa.selenium.remote.RemoteWebDriver.findElement(RemoteWebDriver.java:363)
	at com.codeborne.selenide.impl.WebElementSelector.findElement(WebElementSelector.java:29)
	at com.codeborne.selenide.impl.ElementFinder.getWebElement(ElementFinder.java:56)
	at com.codeborne.selenide.impl.SelenideElementProxy.dispatchAndRetry(SelenideElementProxy.java:90)
	... 29 more
... Removed 28 stack frames</pre></div><a href='#' onClick='toggleBox("stack-trace1031376502", this, "Click to show all stack frames", "Click to hide stack frames")'>Click to show all stack frames</a>
<div class='stack-trace' id='stack-trace1031376502'><pre>Element not found {input[name=&apos;email&apos;]}
Expected: exist
Screenshot: file:/C:/LeadBasketsVr2/affilomnia.leadbaskets/build/reports/tests/1517991803321.0.png
Page source: file:/C:/LeadBasketsVr2/affilomnia.leadbaskets/build/reports/tests/1517991803321.0.html
Timeout: 4 s.
Caused by: NoSuchElementException: no such element: Unable to locate element: {&quot;method&quot;:&quot;css selector&quot;,&quot;selector&quot;:&quot;input[name=&apos;email&apos;]&quot;}
	at com.codeborne.selenide.impl.WebElementSource.createElementNotFoundError(WebElementSource.java:31)
	at com.codeborne.selenide.impl.ElementFinder.createElementNotFoundError(ElementFinder.java:82)
	at com.codeborne.selenide.impl.SelenideElementProxy.dispatchAndRetry(SelenideElementProxy.java:116)
	at com.codeborne.selenide.impl.SelenideElementProxy.invoke(SelenideElementProxy.java:63)
	at com.sun.proxy.$Proxy21.sendKeys(Unknown Source)
	at Pages.LoginPage.login(LoginPage.java:27)
	at com.affilomnia.leadbaskets.SellerTest.testTotalLeadTotalCpl(SellerTest.java:41)
	at sun.reflect.NativeMethodAccessorImpl.invoke0(Native Method)
	at sun.reflect.NativeMethodAccessorImpl.invoke(NativeMethodAccessorImpl.java:62)
	at sun.reflect.DelegatingMethodAccessorImpl.invoke(DelegatingMethodAccessorImpl.java:43)
	at java.lang.reflect.Method.invoke(Method.java:498)
	at org.testng.internal.MethodInvocationHelper.invokeMethod(MethodInvocationHelper.java:108)
	at org.testng.internal.Invoker.invokeMethod(Invoker.java:669)
	at org.testng.internal.Invoker.invokeTestMethod(Invoker.java:877)
	at org.testng.internal.Invoker.invokeTestMethods(Invoker.java:1201)
	at org.testng.internal.TestMethodWorker.invokeTestMethods(TestMethodWorker.java:125)
	at org.testng.internal.TestMethodWorker.run(TestMethodWorker.java:109)
	at org.testng.TestRunner.privateRun(TestRunner.java:776)
	at org.testng.TestRunner.run(TestRunner.java:634)
	at org.testng.SuiteRunner.runTest(SuiteRunner.java:425)
	at org.testng.SuiteRunner.runSequentially(SuiteRunner.java:420)
	at org.testng.SuiteRunner.privateRun(SuiteRunner.java:385)
	at org.testng.SuiteRunner.run(SuiteRunner.java:334)
	at org.testng.SuiteRunnerWorker.runSuite(SuiteRunnerWorker.java:52)
	at org.testng.SuiteRunnerWorker.run(SuiteRunnerWorker.java:86)
	at org.testng.TestNG.runSuitesSequentially(TestNG.java:1318)
	at org.testng.TestNG.runSuitesLocally(TestNG.java:1243)
	at org.testng.TestNG.runSuites(TestNG.java:1161)
	at org.testng.TestNG.run(TestNG.java:1129)
	at org.testng.remote.AbstractRemoteTestNG.run(AbstractRemoteTestNG.java:114)
	at org.testng.remote.RemoteTestNG.initAndRun(RemoteTestNG.java:251)
	at org.testng.remote.RemoteTestNG.main(RemoteTestNG.java:77)
Caused by: org.openqa.selenium.NoSuchElementException: no such element: Unable to locate element: {&quot;method&quot;:&quot;css selector&quot;,&quot;selector&quot;:&quot;input[name=&apos;email&apos;]&quot;}
  (Session info: chrome=63.0.3239.132)
  (Driver info: chromedriver=2.35.528161 (5b82f2d2aae0ca24b877009200ced9065a772e73),platform=Windows NT 10.0.15063 x86_64) (WARNING: The server did not provide any stacktrace information)
Command duration or timeout: 0 milliseconds
For documentation on this error, please visit: http://seleniumhq.org/exceptions/no_such_element.html
Build info: version: &apos;3.8.1&apos;, revision: &apos;6e95a6684b&apos;, time: &apos;2017-12-01T18:33:54.468Z&apos;
System info: host: &apos;RG-W-KIRIL&apos;, ip: &apos;192.168.10.21&apos;, os.name: &apos;Windows 10&apos;, os.arch: &apos;amd64&apos;, os.version: &apos;10.0&apos;, java.version: &apos;1.8.0_144&apos;
Driver info: org.openqa.selenium.chrome.ChromeDriver
Capabilities {acceptInsecureCerts: false, acceptSslCerts: false, applicationCacheEnabled: false, browserConnectionEnabled: false, browserName: chrome, chrome: {chromedriverVersion: 2.35.528161 (5b82f2d2aae0ca..., userDataDir: C:\Users\kiril\AppData\Loca...}, cssSelectorsEnabled: true, databaseEnabled: false, handlesAlerts: true, hasTouchScreen: false, javascriptEnabled: true, locationContextEnabled: true, mobileEmulationEnabled: false, nativeEvents: true, networkConnectionEnabled: false, pageLoadStrategy: normal, platform: XP, platformName: XP, rotatable: false, setWindowRect: true, takesHeapSnapshot: true, takesScreenshot: true, unexpectedAlertBehaviour: , unhandledPromptBehavior: , version: 63.0.3239.132, webStorageEnabled: true}
Session ID: 1d276fc858c184b4932d52422e511558
*** Element info: {Using=css selector, value=input[name=&apos;email&apos;]}
	at sun.reflect.GeneratedConstructorAccessor20.newInstance(Unknown Source)
	at sun.reflect.DelegatingConstructorAccessorImpl.newInstance(DelegatingConstructorAccessorImpl.java:45)
	at java.lang.reflect.Constructor.newInstance(Constructor.java:423)
	at org.openqa.selenium.remote.ErrorHandler.createThrowable(ErrorHandler.java:214)
	at org.openqa.selenium.remote.ErrorHandler.throwIfResponseFailed(ErrorHandler.java:166)
	at org.openqa.selenium.remote.http.JsonHttpResponseCodec.reconstructValue(JsonHttpResponseCodec.java:40)
	at org.openqa.selenium.remote.http.AbstractHttpResponseCodec.decode(AbstractHttpResponseCodec.java:80)
	at org.openqa.selenium.remote.http.AbstractHttpResponseCodec.decode(AbstractHttpResponseCodec.java:44)
	at org.openqa.selenium.remote.HttpCommandExecutor.execute(HttpCommandExecutor.java:164)
	at org.openqa.selenium.remote.service.DriverCommandExecutor.execute(DriverCommandExecutor.java:83)
	at org.openqa.selenium.remote.RemoteWebDriver.execute(RemoteWebDriver.java:601)
	at org.openqa.selenium.remote.RemoteWebDriver.findElement(RemoteWebDriver.java:371)
	at org.openqa.selenium.remote.RemoteWebDriver.findElementByCssSelector(RemoteWebDriver.java:465)
	at org.openqa.selenium.By$ByCssSelector.findElement(By.java:430)
	at org.openqa.selenium.remote.RemoteWebDriver.findElement(RemoteWebDriver.java:363)
	at com.codeborne.selenide.impl.WebElementSelector.findElement(WebElementSelector.java:29)
	at com.codeborne.selenide.impl.ElementFinder.getWebElement(ElementFinder.java:56)
	at com.codeborne.selenide.impl.SelenideElementProxy.dispatchAndRetry(SelenideElementProxy.java:90)
	... 29 more
</pre></div></td>
<td>4</td>
<td>com.affilomnia.leadbaskets.SellerTest@7b8ea1db</td></tr>
<tr>
<td title='com.affilomnia.leadbaskets.BuyerTest.testTotalLeadTotalSpentAvgcplParCamp()'><b>testTotalLeadTotalSpentAvgcplParCamp</b><br>Test class: com.affilomnia.leadbaskets.BuyerTest<br>Test method: Test total leads/spent/avgcpl par offer <br/>
<a href="#Output-694580932" onClick='toggleBox("Output-694580932", this, "Show output", "Hide output");'>Show output</a>

<a href="#Output-694580932" onClick="toggleAllBoxes();">Show all outputs</a>
<div class='log' id="Output-694580932">
campgns name : biddertesttotal spend : 1692.0total leads: 47.0avgCpl 36.0<br/>
campgns name : los angelestotal spend : 144.0total leads: 4.0avgCpl 36.0<br/>
campgns name : russian - moskvatotal spend : 36.0total leads: 1.0avgCpl 36.0<br/>
campgns name : germmnytotal spend : 60.0total leads: 2.0avgCpl 30.0<br/>
Report for testTotalLeadTotalSpentAvgcplParCamp
+-----------------------------------------------------------+----------------------------------------------------------------------+----------+----------+
|Element                                                    |Subject                                                               |Status    |ms.       |
+-----------------------------------------------------------+----------------------------------------------------------------------+----------+----------+
|open                                                       |https://test_app.leadsbasket.com                                      |PASS      |269       |
|input[name='email']                                        |send keys(kirilk+bidder@affilomania.com)                              |PASS      |299       |
|#password                                                  |send keys(0546474985Ko)                                               |PASS      |145       |
|button[type='submit']                                      |press enter()                                                         |PASS      |73        |
|a[ui-sref='campaign_item.month({ idCampaign: itm.id})'][0] |get text()                                                            |PASS      |61        |
|By.xpath: //tr[@class='ng-scope']//td[10][0]               |get text()                                                            |PASS      |46        |
|By.xpath: //tr[@class='ng-scope']//td[6][0]                |get text()                                                            |PASS      |30        |
|a[ui-sref='campaign_item.month({ idCampaign: itm.id})'][0] |click()                                                               |PASS      |97        |
|a[ng-class='{ active: perPage == 200 }']                   |click()                                                               |PASS      |1411      |
|By.xpath: //tr[@class='lead-row ng-scope']/td[3][0]        |get text()                                                            |PASS      |67        |
|By.xpath: //tr[@class='lead-row ng-scope']//td[10][0]      |get text()                                                            |PASS      |61        |
|By.xpath: //tr[@class='lead-row ng-scope']/td[3][1]        |get text()                                                            |PASS      |56        |
|By.xpath: //tr[@class='lead-row ng-scope']//td[10][1]      |get text()                                                            |PASS      |67        |
|By.xpath: //tr[@class='lead-row ng-scope']/td[3][2]        |get text()                                                            |PASS      |73        |
|By.xpath: //tr[@class='lead-row ng-scope']//td[10][2]      |get text()                                                            |PASS      |51        |
|By.xpath: //tr[@class='lead-row ng-scope']/td[3][3]        |get text()                                                            |PASS      |42        |
|By.xpath: //tr[@class='lead-row ng-scope']//td[10][3]      |get text()                                                            |PASS      |68        |
|By.xpath: //tr[@class='lead-row ng-scope']/td[3][4]        |get text()                                                            |PASS      |32        |
|By.xpath: //tr[@class='lead-row ng-scope']//td[10][4]      |get text()                                                            |PASS      |40        |
|By.xpath: //tr[@class='lead-row ng-scope']/td[3][5]        |get text()                                                            |PASS      |60        |
|By.xpath: //tr[@class='lead-row ng-scope']//td[10][5]      |get text()                                                            |PASS      |56        |
|By.xpath: //tr[@class='lead-row ng-scope']/td[3][6]        |get text()                                                            |PASS      |51        |
|By.xpath: //tr[@class='lead-row ng-scope']//td[10][6]      |get text()                                                            |PASS      |50        |
|By.xpath: //tr[@class='lead-row ng-scope']/td[3][7]        |get text()                                                            |PASS      |39        |
|By.xpath: //tr[@class='lead-row ng-scope']//td[10][7]      |get text()                                                            |PASS      |58        |
|By.xpath: //tr[@class='lead-row ng-scope']/td[3][8]        |get text()                                                            |PASS      |54        |
|By.xpath: //tr[@class='lead-row ng-scope']//td[10][8]      |get text()                                                            |PASS      |29        |
|By.xpath: //tr[@class='lead-row ng-scope']/td[3][9]        |get text()                                                            |PASS      |45        |
|By.xpath: //tr[@class='lead-row ng-scope']//td[10][9]      |get text()                                                            |PASS      |66        |
|By.xpath: //tr[@class='lead-row ng-scope']/td[3][10]       |get text()                                                            |PASS      |53        |
|By.xpath: //tr[@class='lead-row ng-scope']//td[10][10]     |get text()                                                            |PASS      |90        |
|By.xpath: //tr[@class='lead-row ng-scope']/td[3][11]       |get text()                                                            |PASS      |54        |
|By.xpath: //tr[@class='lead-row ng-scope']//td[10][11]     |get text()                                                            |PASS      |54        |
|By.xpath: //tr[@class='lead-row ng-scope']/td[3][12]       |get text()                                                            |PASS      |80        |
|By.xpath: //tr[@class='lead-row ng-scope']//td[10][12]     |get text()                                                            |PASS      |38        |
|By.xpath: //tr[@class='lead-row ng-scope']/td[3][13]       |get text()                                                            |PASS      |52        |
|By.xpath: //tr[@class='lead-row ng-scope']//td[10][13]     |get text()                                                            |PASS      |30        |
|By.xpath: //tr[@class='lead-row ng-scope']/td[3][14]       |get text()                                                            |PASS      |28        |
|By.xpath: //tr[@class='lead-row ng-scope']//td[10][14]     |get text()                                                            |PASS      |51        |
|By.xpath: //tr[@class='lead-row ng-scope']/td[3][15]       |get text()                                                            |PASS      |55        |
|By.xpath: //tr[@class='lead-row ng-scope']//td[10][15]     |get text()                                                            |PASS      |66        |
|By.xpath: //tr[@class='lead-row ng-scope']/td[3][16]       |get text()                                                            |PASS      |43        |
|By.xpath: //tr[@class='lead-row ng-scope']//td[10][16]     |get text()                                                            |PASS      |50        |
|By.xpath: //tr[@class='lead-row ng-scope']/td[3][17]       |get text()                                                            |PASS      |42        |
|By.xpath: //tr[@class='lead-row ng-scope']//td[10][17]     |get text()                                                            |PASS      |46        |
|By.xpath: //tr[@class='lead-row ng-scope']/td[3][18]       |get text()                                                            |PASS      |35        |
|By.xpath: //tr[@class='lead-row ng-scope']//td[10][18]     |get text()                                                            |PASS      |62        |
|By.xpath: //tr[@class='lead-row ng-scope']/td[3][19]       |get text()                                                            |PASS      |46        |
|By.xpath: //tr[@class='lead-row ng-scope']//td[10][19]     |get text()                                                            |PASS      |48        |
|By.xpath: //tr[@class='lead-row ng-scope']/td[3][20]       |get text()                                                            |PASS      |28        |
|By.xpath: //tr[@class='lead-row ng-scope']//td[10][20]     |get text()                                                            |PASS      |47        |
|By.xpath: //tr[@class='lead-row ng-scope']/td[3][21]       |get text()                                                            |PASS      |28        |
|By.xpath: //tr[@class='lead-row ng-scope']//td[10][21]     |get text()                                                            |PASS      |47        |
|By.xpath: //tr[@class='lead-row ng-scope']/td[3][22]       |get text()                                                            |PASS      |27        |
|By.xpath: //tr[@class='lead-row ng-scope']//td[10][22]     |get text()                                                            |PASS      |58        |
|By.xpath: //tr[@class='lead-row ng-scope']/td[3][23]       |get text()                                                            |PASS      |30        |
|By.xpath: //tr[@class='lead-row ng-scope']//td[10][23]     |get text()                                                            |PASS      |92        |
|By.xpath: //tr[@class='lead-row ng-scope']/td[3][24]       |get text()                                                            |PASS      |53        |
|By.xpath: //tr[@class='lead-row ng-scope']//td[10][24]     |get text()                                                            |PASS      |65        |
|By.xpath: //tr[@class='lead-row ng-scope']/td[3][25]       |get text()                                                            |PASS      |86        |
|By.xpath: //tr[@class='lead-row ng-scope']//td[10][25]     |get text()                                                            |PASS      |29        |
|By.xpath: //tr[@class='lead-row ng-scope']/td[3][26]       |get text()                                                            |PASS      |61        |
|By.xpath: //tr[@class='lead-row ng-scope']//td[10][26]     |get text()                                                            |PASS      |31        |
|By.xpath: //tr[@class='lead-row ng-scope']/td[3][27]       |get text()                                                            |PASS      |40        |
|By.xpath: //tr[@class='lead-row ng-scope']//td[10][27]     |get text()                                                            |PASS      |71        |
|By.xpath: //tr[@class='lead-row ng-scope']/td[3][28]       |get text()                                                            |PASS      |35        |
|By.xpath: //tr[@class='lead-row ng-scope']//td[10][28]     |get text()                                                            |PASS      |32        |
|By.xpath: //tr[@class='lead-row ng-scope']/td[3][29]       |get text()                                                            |PASS      |32        |
|By.xpath: //tr[@class='lead-row ng-scope']//td[10][29]     |get text()                                                            |PASS      |33        |
|By.xpath: //tr[@class='lead-row ng-scope']/td[3][30]       |get text()                                                            |PASS      |26        |
|By.xpath: //tr[@class='lead-row ng-scope']//td[10][30]     |get text()                                                            |PASS      |33        |
|By.xpath: //tr[@class='lead-row ng-scope']/td[3][31]       |get text()                                                            |PASS      |28        |
|By.xpath: //tr[@class='lead-row ng-scope']//td[10][31]     |get text()                                                            |PASS      |31        |
|By.xpath: //tr[@class='lead-row ng-scope']/td[3][32]       |get text()                                                            |PASS      |41        |
|By.xpath: //tr[@class='lead-row ng-scope']//td[10][32]     |get text()                                                            |PASS      |38        |
|By.xpath: //tr[@class='lead-row ng-scope']/td[3][33]       |get text()                                                            |PASS      |25        |
|By.xpath: //tr[@class='lead-row ng-scope']//td[10][33]     |get text()                                                            |PASS      |31        |
|By.xpath: //tr[@class='lead-row ng-scope']/td[3][34]       |get text()                                                            |PASS      |33        |
|By.xpath: //tr[@class='lead-row ng-scope']//td[10][34]     |get text()                                                            |PASS      |35        |
|By.xpath: //tr[@class='lead-row ng-scope']/td[3][35]       |get text()                                                            |PASS      |34        |
|By.xpath: //tr[@class='lead-row ng-scope']//td[10][35]     |get text()                                                            |PASS      |35        |
|By.xpath: //tr[@class='lead-row ng-scope']/td[3][36]       |get text()                                                            |PASS      |35        |
|By.xpath: //tr[@class='lead-row ng-scope']//td[10][36]     |get text()                                                            |PASS      |32        |
|By.xpath: //tr[@class='lead-row ng-scope']/td[3][37]       |get text()                                                            |PASS      |37        |
|By.xpath: //tr[@class='lead-row ng-scope']//td[10][37]     |get text()                                                            |PASS      |30        |
|By.xpath: //tr[@class='lead-row ng-scope']/td[3][38]       |get text()                                                            |PASS      |38        |
|By.xpath: //tr[@class='lead-row ng-scope']//td[10][38]     |get text()                                                            |PASS      |33        |
|By.xpath: //tr[@class='lead-row ng-scope']/td[3][39]       |get text()                                                            |PASS      |31        |
|By.xpath: //tr[@class='lead-row ng-scope']//td[10][39]     |get text()                                                            |PASS      |34        |
|By.xpath: //tr[@class='lead-row ng-scope']/td[3][40]       |get text()                                                            |PASS      |38        |
|By.xpath: //tr[@class='lead-row ng-scope']//td[10][40]     |get text()                                                            |PASS      |38        |
|By.xpath: //tr[@class='lead-row ng-scope']/td[3][41]       |get text()                                                            |PASS      |45        |
|By.xpath: //tr[@class='lead-row ng-scope']//td[10][41]     |get text()                                                            |PASS      |59        |
|By.xpath: //tr[@class='lead-row ng-scope']/td[3][42]       |get text()                                                            |PASS      |83        |
|By.xpath: //tr[@class='lead-row ng-scope']//td[10][42]     |get text()                                                            |PASS      |26        |
|By.xpath: //tr[@class='lead-row ng-scope']/td[3][43]       |get text()                                                            |PASS      |30        |
|By.xpath: //tr[@class='lead-row ng-scope']//td[10][43]     |get text()                                                            |PASS      |32        |
|By.xpath: //tr[@class='lead-row ng-scope']/td[3][44]       |get text()                                                            |PASS      |38        |
|By.xpath: //tr[@class='lead-row ng-scope']//td[10][44]     |get text()                                                            |PASS      |30        |
|By.xpath: //tr[@class='lead-row ng-scope']/td[3][45]       |get text()                                                            |PASS      |82        |
|By.xpath: //tr[@class='lead-row ng-scope']//td[10][45]     |get text()                                                            |PASS      |54        |
|By.xpath: //tr[@class='lead-row ng-scope']/td[3][46]       |get text()                                                            |PASS      |62        |
|By.xpath: //tr[@class='lead-row ng-scope']//td[10][46]     |get text()                                                            |PASS      |58        |
|by text: Dashboard                                         |click()                                                               |PASS      |164       |
|a[ui-sref='campaign_item.month({ idCampaign: itm.id})'][1] |get text()                                                            |PASS      |497       |
|By.xpath: //tr[@class='ng-scope']//td[10][1]               |get text()                                                            |PASS      |39        |
|By.xpath: //tr[@class='ng-scope']//td[6][1]                |get text()                                                            |PASS      |45        |
|a[ui-sref='campaign_item.month({ idCampaign: itm.id})'][1] |click()                                                               |PASS      |123       |
|a[ng-class='{ active: perPage == 200 }']                   |click()                                                               |PASS      |1138      |
|By.xpath: //tr[@class='lead-row ng-scope']/td[3][0]        |get text()                                                            |PASS      |55        |
|By.xpath: //tr[@class='lead-row ng-scope']//td[10][0]      |get text()                                                            |PASS      |45        |
|By.xpath: //tr[@class='lead-row ng-scope']/td[3][1]        |get text()                                                            |PASS      |40        |
|By.xpath: //tr[@class='lead-row ng-scope']//td[10][1]      |get text()                                                            |PASS      |45        |
|By.xpath: //tr[@class='lead-row ng-scope']/td[3][2]        |get text()                                                            |PASS      |37        |
|By.xpath: //tr[@class='lead-row ng-scope']//td[10][2]      |get text()                                                            |PASS      |43        |
|By.xpath: //tr[@class='lead-row ng-scope']/td[3][3]        |get text()                                                            |PASS      |38        |
|By.xpath: //tr[@class='lead-row ng-scope']//td[10][3]      |get text()                                                            |PASS      |36        |
|by text: Dashboard                                         |click()                                                               |PASS      |123       |
|a[ui-sref='campaign_item.month({ idCampaign: itm.id})'][2] |get text()                                                            |PASS      |413       |
|By.xpath: //tr[@class='ng-scope']//td[10][2]               |get text()                                                            |PASS      |42        |
|By.xpath: //tr[@class='ng-scope']//td[6][2]                |get text()                                                            |PASS      |46        |
|a[ui-sref='campaign_item.month({ idCampaign: itm.id})'][2] |click()                                                               |PASS      |139       |
|a[ng-class='{ active: perPage == 200 }']                   |click()                                                               |PASS      |926       |
|By.xpath: //tr[@class='lead-row ng-scope']/td[3][0]        |get text()                                                            |PASS      |32        |
|By.xpath: //tr[@class='lead-row ng-scope']//td[10][0]      |get text()                                                            |PASS      |33        |
|by text: Dashboard                                         |click()                                                               |PASS      |120       |
|a[ui-sref='campaign_item.month({ idCampaign: itm.id})'][3] |get text()                                                            |PASS      |478       |
|By.xpath: //tr[@class='ng-scope']//td[10][3]               |get text()                                                            |PASS      |40        |
|By.xpath: //tr[@class='ng-scope']//td[6][3]                |get text()                                                            |PASS      |39        |
|a[ui-sref='campaign_item.month({ idCampaign: itm.id})'][3] |click()                                                               |PASS      |125       |
|a[ng-class='{ active: perPage == 200 }']                   |click()                                                               |PASS      |1102      |
|By.xpath: //tr[@class='lead-row ng-scope']/td[3][0]        |get text()                                                            |PASS      |46        |
|By.xpath: //tr[@class='lead-row ng-scope']//td[10][0]      |get text()                                                            |PASS      |36        |
|By.xpath: //tr[@class='lead-row ng-scope']/td[3][1]        |get text()                                                            |PASS      |32        |
|By.xpath: //tr[@class='lead-row ng-scope']//td[10][1]      |get text()                                                            |PASS      |37        |
|By.xpath: //tr[@class='lead-row ng-scope']/td[3][2]        |get text()                                                            |PASS      |38        |
|By.xpath: //tr[@class='lead-row ng-scope']//td[10][2]      |get text()                                                            |PASS      |30        |
|by text: Dashboard                                         |click()                                                               |PASS      |66        |
+-----------------------------------------------------------+----------------------------------------------------------------------+----------+----------+
<br/>
</div>
</td>
<td><div><pre>java.lang.AssertionError: The following asserts failed:
	biddertest expected [1692.0] but found [2412.0],
	biddertest expected [47.0] but found [67.0]
	at Pages.BuyerPage.checkStatisticPerCamp(BuyerPage.java:157)
	at com.affilomnia.leadbaskets.BuyerTest.testTotalLeadTotalSpentAvgcplParCamp(BuyerTest.java:49)
... Removed 26 stack frames</pre></div><a href='#' onClick='toggleBox("stack-trace694580932", this, "Click to show all stack frames", "Click to hide stack frames")'>Click to show all stack frames</a>
<div class='stack-trace' id='stack-trace694580932'><pre>java.lang.AssertionError: The following asserts failed:
	biddertest expected [1692.0] but found [2412.0],
	biddertest expected [47.0] but found [67.0]
	at org.testng.asserts.SoftAssert.assertAll(SoftAssert.java:43)
	at Pages.BuyerPage.checkStatisticPerCamp(BuyerPage.java:157)
	at com.affilomnia.leadbaskets.BuyerTest.testTotalLeadTotalSpentAvgcplParCamp(BuyerTest.java:49)
	at sun.reflect.NativeMethodAccessorImpl.invoke0(Native Method)
	at sun.reflect.NativeMethodAccessorImpl.invoke(NativeMethodAccessorImpl.java:62)
	at sun.reflect.DelegatingMethodAccessorImpl.invoke(DelegatingMethodAccessorImpl.java:43)
	at java.lang.reflect.Method.invoke(Method.java:498)
	at org.testng.internal.MethodInvocationHelper.invokeMethod(MethodInvocationHelper.java:108)
	at org.testng.internal.Invoker.invokeMethod(Invoker.java:669)
	at org.testng.internal.Invoker.invokeTestMethod(Invoker.java:877)
	at org.testng.internal.Invoker.invokeTestMethods(Invoker.java:1201)
	at org.testng.internal.TestMethodWorker.invokeTestMethods(TestMethodWorker.java:125)
	at org.testng.internal.TestMethodWorker.run(TestMethodWorker.java:109)
	at org.testng.TestRunner.privateRun(TestRunner.java:776)
	at org.testng.TestRunner.run(TestRunner.java:634)
	at org.testng.SuiteRunner.runTest(SuiteRunner.java:425)
	at org.testng.SuiteRunner.runSequentially(SuiteRunner.java:420)
	at org.testng.SuiteRunner.privateRun(SuiteRunner.java:385)
	at org.testng.SuiteRunner.run(SuiteRunner.java:334)
	at org.testng.SuiteRunnerWorker.runSuite(SuiteRunnerWorker.java:52)
	at org.testng.SuiteRunnerWorker.run(SuiteRunnerWorker.java:86)
	at org.testng.TestNG.runSuitesSequentially(TestNG.java:1318)
	at org.testng.TestNG.runSuitesLocally(TestNG.java:1243)
	at org.testng.TestNG.runSuites(TestNG.java:1161)
	at org.testng.TestNG.run(TestNG.java:1129)
	at org.testng.remote.AbstractRemoteTestNG.run(AbstractRemoteTestNG.java:114)
	at org.testng.remote.RemoteTestNG.initAndRun(RemoteTestNG.java:251)
	at org.testng.remote.RemoteTestNG.main(RemoteTestNG.java:77)
</pre></div></td>
<td>18</td>
<td>com.affilomnia.leadbaskets.BuyerTest@70b48eb3</td></tr>
</table><p>
<table width='100%' border='1' class='invocation-passed'>
<tr><td colspan='4' align='center'><b>PASSED TESTS</b></td></tr>
<tr><td><b>Test method</b></td>
<td width="30%"><b>Exception</b></td>
<td width="10%"><b>Time (seconds)</b></td>
<td><b>Instance</b></td>
</tr>
<tr>
<td title='com.affilomnia.leadbaskets.FormLbTest.LoginAsSellerAndSendLead()'><b>LoginAsSellerAndSendLead</b><br>Test class: com.affilomnia.leadbaskets.FormLbTest<br>Test method: seller send one lead thought offer 543 </td>
<td></td>
<td>15</td>
<td>com.affilomnia.leadbaskets.FormLbTest@4fb64a52</td></tr>
<tr>
<td title='com.affilomnia.leadbaskets.BuyerTest.testBuyerRegistrtion()'><b>testBuyerRegistrtion</b><br>Test class: com.affilomnia.leadbaskets.BuyerTest<br>Test method: Buyer Registration<br/>
<a href="#Output-637365534" onClick='toggleBox("Output-637365534", this, "Show output", "Hide output");'>Show output</a>

<a href="#Output-637365534" onClick="toggleAllBoxes();">Show all outputs</a>
<div class='log' id="Output-637365534">
Report for testBuyerRegistrtion
+---------------------------------------+----------------------------------------------------------------------+----------+----------+
|Element                                |Subject                                                               |Status    |ms.       |
+---------------------------------------+----------------------------------------------------------------------+----------+----------+
|open                                   |https://test_app.leadsbasket.com/register-industry                    |PASS      |343       |
|div.reg>h2                             |should have(text 'Create a Free Account on LEADSBASKET')              |PASS      |211       |
|div.choose_industry_text               |should have(text 'Get ready to be bombarded with some top quality leads!')|PASS      |36        |
|a.link                                 |should be(visible)                                                    |PASS      |36        |
|a.link                                 |click()                                                               |PASS      |74        |
|div.auth>h2                            |should have(text 'Login to LeadsBasket')                              |PASS      |74        |
|button.btn                             |should be(disabled)                                                   |PASS      |29        |
|a[placeholder*='Industry']             |click()                                                               |PASS      |380       |
|by text: Zoo Industry                  |click()                                                               |PASS      |99        |
|button.btn                             |should have(text 'Create Account')                                    |PASS      |34        |
|button.btn                             |click()                                                               |PASS      |67        |
|h4                                     |should have(text '100% Self-service Platform for Quality Lead Generation')|PASS      |303       |
|button.btn                             |should be(disabled)                                                   |PASS      |16        |
|by text: Terms of Service              |click()                                                               |PASS      |283       |
|div.terms>h1                           |should have(text 'TERMS OF USE')                                      |PASS      |1070      |
|by text: Login                         |should be(visible)                                                    |PASS      |51        |
|by text: Login                         |click()                                                               |PASS      |96        |
|div.auth>h2                            |should have(text 'Login to LeadsBasket')                              |PASS      |56        |
|input[name='firstName']                |set value(selenidedbcb)                                               |PASS      |150       |
|input[name='lastName']                 |set value(automticdbcb)                                               |PASS      |146       |
|input[id='tel-dc']                     |get attribute(placeholder)                                            |PASS      |16        |
|input[id='tel-dc']                     |set value(050-123-4567)                                               |PASS      |180       |
|input[placeholder*='Email']            |set value(lbdemo234+3dc%d2b3@gmail.com)                               |PASS      |225       |
|input[name='pass']                     |set value(D%13dc%d2b3)                                                |PASS      |171       |
|input[name='rePass']                   |set value(D%13dc%d2b3)                                                |PASS      |153       |
|button.btn                             |should be(visible)                                                    |PASS      |22        |
|button.btn                             |click()                                                               |PASS      |100       |
|h2                                     |should have(text 'Connect To Your Platform')                          |PASS      |1105      |
|div.reg>h4                             |should have(text 'Get Leads Directly To Your Email or Platform')      |PASS      |35        |
|h2.h2_inside                           |should have(text 'Select how you wish to receive your leads')         |PASS      |36        |
|button.btn                             |should be(disabled)                                                   |PASS      |17        |
|label[class*='checkbox'][0]            |click()                                                               |PASS      |231       |
|input[placeholder*='Email']            |set value(test@test.com)                                              |PASS      |180       |
|button.btn                             |should be(visible)                                                    |PASS      |23        |
|button.btn                             |click()                                                               |PASS      |52        |
|h2                                     |should have(text 'Billing Information')                               |PASS      |917       |
|h2                                     |should have(text 'Billing Information')                               |PASS      |53        |
|h4                                     |should have(text 'Enter Billing Information & Fund Your Account')     |PASS      |50        |
|by text: click here.                   |click()                                                               |PASS      |290       |
|div.terms>h1                           |should have(text 'TERMS OF USE')                                      |PASS      |1051      |
|input[name='companyName']              |set value(Company Name)                                               |PASS      |251       |
|input[name='companyAddress']           |set value(test steeen 234 -4 4333 1)                                  |PASS      |194       |
|input[name='city']                     |set value(tel aviv)                                                   |PASS      |145       |
|button.btn                             |should(disabled)                                                      |PASS      |20        |
|input[name='state']                    |set value(israel)                                                     |PASS      |130       |
|a[placeholder='Select Country']        |click()                                                               |PASS      |250       |
|li[role='option'][231]                 |click()                                                               |PASS      |436       |
|input[name='zip']                      |set value(464564)                                                     |PASS      |148       |
|input[placeholder*='Email']            |set value(test@test.com)                                              |PASS      |155       |
|button.btn                             |should(enabled)                                                       |PASS      |13        |
|button.btn                             |click()                                                               |PASS      |84        |
|h2                                     |should have(text 'Congratulations!')                                  |PASS      |682       |
|h4                                     |should have(text 'Done')                                              |PASS      |31        |
|p                                      |should have(text 'You Can Start Creating Your Campaigns and Get Leads')|PASS      |36        |
|[class*='finish_btn']                  |click()                                                               |PASS      |82        |
|h5                                     |should have(text 'Please fill in all required entry setting fields and create new campaign.')|PASS      |1298      |
|a.profile                              |click()                                                               |PASS      |118       |
|div.drop_userInfo>ul>li:nth-child(5)>a |should be(visible)                                                    |PASS      |34        |
|div.drop_userInfo>ul>li:nth-child(5)>a |click()                                                               |PASS      |116       |
+---------------------------------------+----------------------------------------------------------------------+----------+----------+
<br/>
</div>
</td>
<td></td>
<td>13</td>
<td>com.affilomnia.leadbaskets.BuyerTest@70b48eb3</td></tr>
<tr>
<td title='com.affilomnia.leadbaskets.BuyerTest.testdownloadIntegrtionPDF()'><b>testdownloadIntegrtionPDF</b><br>Test class: com.affilomnia.leadbaskets.BuyerTest<br>Test method: Download PDF integrtion API  <br/>
<a href="#Output-1809767357" onClick='toggleBox("Output-1809767357", this, "Show output", "Hide output");'>Show output</a>

<a href="#Output-1809767357" onClick="toggleAllBoxes();">Show all outputs</a>
<div class='log' id="Output-1809767357">
Report for testdownloadIntegrtionPDF
+------------------------------+----------------------------------------------------------------------+----------+----------+
|Element                       |Subject                                                               |Status    |ms.       |
+------------------------------+----------------------------------------------------------------------+----------+----------+
|open                          |https://app.leadsbasket.com/register/integration                      |PASS      |743       |
|by text: Integration with API |download()                                                            |PASS      |978       |
|by text: Integration with API |download()                                                            |PASS      |609       |
+------------------------------+----------------------------------------------------------------------+----------+----------+
<br/>
</div>
</td>
<td></td>
<td>2</td>
<td>com.affilomnia.leadbaskets.BuyerTest@70b48eb3</td></tr>
</table><p>
</body>
</html>