<?xml version="1.0" encoding="UTF-8"?>
<!-- Generated by org.testng.reporters.JUnitReportReporter -->
<testsuite skipped="0" hostname="DESKTOP-VODB96N" name="com.affilomnia.leadbaskets.SellerTest" tests="2" failures="1" timestamp="03 פבר 2018 20:34:39 GMT" time="37.853" errors="0">
  <testcase name="testTotalLeadTotalCpl" time="13.134" classname="com.affilomnia.leadbaskets.SellerTest"/>
  <testcase name="testStatisticParOffer" time="24.719" classname="com.affilomnia.leadbaskets.SellerTest">
    <failure type="java.lang.AssertionError" message="The following asserts failed:
	Epc per offer expected [31.49] but found [30.18],
	Avg. EPC expected [29.970371] but found [29.97]">
      <![CDATA[java.lang.AssertionError: The following asserts failed:Epc per offer expected [31.49] but found [30.18],Avg. EPC expected [29.970371] but found [29.97]at org.testng.asserts.SoftAssert.assertAll(SoftAssert.java:43)at Pages.SellerPage.checkstatParOffer(SellerPage.java:149)at com.affilomnia.leadbaskets.SellerTest.testStatisticParOffer(SellerTest.java:55)at sun.reflect.NativeMethodAccessorImpl.invoke0(Native Method)at sun.reflect.NativeMethodAccessorImpl.invoke(Unknown Source)at sun.reflect.DelegatingMethodAccessorImpl.invoke(Unknown Source)at java.lang.reflect.Method.invoke(Unknown Source)at org.testng.internal.MethodInvocationHelper.invokeMethod(MethodInvocationHelper.java:124)at org.testng.internal.Invoker.invokeMethod(Invoker.java:571)at org.testng.internal.Invoker.invokeTestMethod(Invoker.java:707)at org.testng.internal.Invoker.invokeTestMethods(Invoker.java:979)at org.testng.internal.TestMethodWorker.invokeTestMethods(TestMethodWorker.java:125)at org.testng.internal.TestMethodWorker.run(TestMethodWorker.java:109)at org.testng.TestRunner.privateRun(TestRunner.java:648)at org.testng.TestRunner.run(TestRunner.java:505)at org.testng.SuiteRunner.runTest(SuiteRunner.java:455)at org.testng.SuiteRunner.runSequentially(SuiteRunner.java:450)at org.testng.SuiteRunner.privateRun(SuiteRunner.java:415)at org.testng.SuiteRunner.run(SuiteRunner.java:364)at org.testng.SuiteRunnerWorker.runSuite(SuiteRunnerWorker.java:52)at org.testng.SuiteRunnerWorker.run(SuiteRunnerWorker.java:84)at org.testng.TestNG.runSuitesSequentially(TestNG.java:1187)at org.testng.TestNG.runSuitesLocally(TestNG.java:1116)at org.testng.TestNG.runSuites(TestNG.java:1028)at org.testng.TestNG.run(TestNG.java:996)at org.testng.remote.AbstractRemoteTestNG.run(AbstractRemoteTestNG.java:114)at org.testng.remote.RemoteTestNG.initAndRun(RemoteTestNG.java:251)at org.testng.remote.RemoteTestNG.main(RemoteTestNG.java:77)]]>
    </failure>
  </testcase> <!-- testStatisticParOffer -->
</testsuite> <!-- com.affilomnia.leadbaskets.SellerTest -->
