<?xml version="1.0" encoding="UTF-8"?>
<!-- Generated by org.testng.reporters.JUnitXMLReporter -->
<testsuite hostname="RG-W-KIRIL" ignored="0" name="LeadsBaskets Test" tests="4" failures="1" timestamp="16 Jan 2018 12:09:37 GMT" time="62.959" errors="0">
  <testcase name="testBuyerRegistrtion" time="20.802" classname="com.affilomnia.leadbaskets.BuyerTest"/>
  <testcase name="testTotalLeadTotalSpentAvgcplParCamp" time="24.504" classname="com.affilomnia.leadbaskets.BuyerTest"/>
  <testcase name="testLoginTotalSpentAndLeads" time="10.796" classname="com.affilomnia.leadbaskets.BuyerTest"/>
  <testcase name="testdownloadIntegrtionPDF" time="6.033" classname="com.affilomnia.leadbaskets.BuyerTest">
    <failure type="com.codeborne.selenide.ex.ElementNotFound" message="Element not found {by text: Integration with API2}
Expected: visible">
      <![CDATA[Element not found {by text: Integration with API2}Expected: visibleScreenshot: file:/C:/LeadBasketsVr2/affilomnia.leadbaskets/build/reports/tests/1516104576684.0.pngPage source: file:/C:/LeadBasketsVr2/affilomnia.leadbaskets/build/reports/tests/1516104576684.0.htmlTimeout: 4 s.Caused by: NoSuchElementException: no such element: Unable to locate element: {"method":"xpath","selector":".//*/text()[normalize-space(translate(string(.), 'at com.codeborne.selenide.impl.WebElementSource.createElementNotFoundError(WebElementSource.java:31)at com.codeborne.selenide.impl.ElementFinder.createElementNotFoundError(ElementFinder.java:82)at com.codeborne.selenide.impl.WebElementSource.checkCondition(WebElementSource.java:59)at com.codeborne.selenide.impl.WebElementSource.findAndAssertElementIsVisible(WebElementSource.java:72)at com.codeborne.selenide.commands.DownloadFile.execute(DownloadFile.java:26)at com.codeborne.selenide.commands.DownloadFile.execute(DownloadFile.java:18)at com.codeborne.selenide.commands.Commands.execute(Commands.java:144)at com.codeborne.selenide.impl.SelenideElementProxy.dispatchAndRetry(SelenideElementProxy.java:87)at com.codeborne.selenide.impl.SelenideElementProxy.invoke(SelenideElementProxy.java:63)at com.sun.proxy.$Proxy16.download(Unknown Source)at Pages.BuyerPage.downalodPdf(BuyerPage.java:283)at com.affilomnia.leadbaskets.BuyerTest.testdownloadIntegrtionPDF(BuyerTest.java:86)Caused by: org.openqa.selenium.NoSuchElementException: no such element: Unable to locate element: {"method":"xpath","selector":".//*/text()[normalize-space(translate(string(.), ' ', '    ')) = "Integration with API2"]/parent::*"}  (Session info: chrome=63.0.3239.132)  (Driver info: chromedriver=2.35.528161 (5b82f2d2aae0ca24b877009200ced9065a772e73),platform=Windows NT 10.0.15063 x86_64) (WARNING: The server did not provide any stacktrace information)Command duration or timeout: 0 millisecondsFor documentation on this error, please visit: http://seleniumhq.org/exceptions/no_such_element.htmlBuild info: version: '3.8.1', revision: '6e95a6684b', time: '2017-12-01T18:33:54.468Z'System info: host: 'RG-W-KIRIL', ip: '192.168.10.21', os.name: 'Windows 10', os.arch: 'amd64', os.version: '10.0', java.version: '1.8.0_144'Driver info: org.openqa.selenium.chrome.ChromeDriverCapabilities {acceptInsecureCerts: false, acceptSslCerts: false, applicationCacheEnabled: false, browserConnectionEnabled: false, browserName: chrome, chrome: {chromedriverVersion: 2.35.528161 (5b82f2d2aae0ca..., userDataDir: C:\Users\kiril\AppData\Loca...}, cssSelectorsEnabled: true, databaseEnabled: false, handlesAlerts: true, hasTouchScreen: false, javascriptEnabled: true, locationContextEnabled: true, mobileEmulationEnabled: false, nativeEvents: true, networkConnectionEnabled: false, pageLoadStrategy: normal, platform: XP, platformName: XP, rotatable: false, setWindowRect: true, takesHeapSnapshot: true, takesScreenshot: true, unexpectedAlertBehaviour: , unhandledPromptBehavior: , version: 63.0.3239.132, webStorageEnabled: true}Session ID: aad538eb8d04f56cdd707aa59f4ff46c*** Element info: {Using=xpath, value=.//*/text()[normalize-space(translate(string(.), ' ', '    ')) = "Integration with API2"]/parent::*}at org.openqa.selenium.remote.ErrorHandler.createThrowable(ErrorHandler.java:214)at org.openqa.selenium.remote.ErrorHandler.throwIfResponseFailed(ErrorHandler.java:166)at org.openqa.selenium.remote.http.JsonHttpResponseCodec.reconstructValue(JsonHttpResponseCodec.java:40)at org.openqa.selenium.remote.http.AbstractHttpResponseCodec.decode(AbstractHttpResponseCodec.java:80)at org.openqa.selenium.remote.http.AbstractHttpResponseCodec.decode(AbstractHttpResponseCodec.java:44)at org.openqa.selenium.remote.HttpCommandExecutor.execute(HttpCommandExecutor.java:164)at org.openqa.selenium.remote.service.DriverCommandExecutor.execute(DriverCommandExecutor.java:83)at org.openqa.selenium.remote.RemoteWebDriver.execute(RemoteWebDriver.java:601)at org.openqa.selenium.remote.RemoteWebDriver.findElement(RemoteWebDriver.java:371)at org.openqa.selenium.remote.RemoteWebDriver.findElementByXPath(RemoteWebDriver.java:473)at org.openqa.selenium.By$ByXPath.findElement(By.java:361)at org.openqa.selenium.remote.RemoteWebDriver.findElement(RemoteWebDriver.java:363)at com.codeborne.selenide.impl.WebElementSelector.findElement(WebElementSelector.java:29)at com.codeborne.selenide.impl.ElementFinder.getWebElement(ElementFinder.java:56)at com.codeborne.selenide.impl.WebElementSource.checkCondition(WebElementSource.java:44)... 38 more... Removed 32 stack frames]]>
    </failure>
  </testcase> <!-- testdownloadIntegrtionPDF -->
</testsuite> <!-- LeadsBaskets Test -->
